2022-02-08 19:53:24.964 INFO  [acme.Launcher@main] Starting Launcher using Java 1.8.0_281 on DESKTOP-N7AI63U with PID 3804 (C:\Users\jesus\Workspace-22.0\Frameworks\Acme-Framework-22.0\target\classes started by jesus in C:\Users\jesus\Workspace-22.0\Starters\Hello-World-22.0) 
2022-02-08 19:53:24.965 DEBUG [acme.Launcher@main] Running with Spring Boot v2.4.2, Spring v5.3.3 
2022-02-08 19:53:24.965 INFO  [acme.Launcher@main] The following profiles are active: development,default 
2022-02-08 19:53:26.669 DEBUG [org.apache.jasper.servlet.JasperInitializer@main] Initializing Jasper for context [application] 
2022-02-08 19:53:30.238 DEBUG [org.apache.jasper.servlet.JspServlet@main] Scratch dir for the JSP engine is: [C:\Users\jesus\AppData\Local\Temp\tomcat.8080.7619216706064889337\work\Tomcat\localhost\hello-world-22.0] 
2022-02-08 19:53:30.238 DEBUG [org.apache.jasper.servlet.JspServlet@main] IMPORTANT: Do not modify the generated servlets 
2022-02-08 19:53:30.250 INFO  [acme.Launcher@main] Started Launcher in 5.748 seconds (JVM running for 6.233) 
2022-02-08 19:53:30.256 DEBUG [acme.Launcher@main] Found classpath entry '/C:/Users/jesus/Workspace-22.0/Starters/Hello-World-22.0/target/classes/' 
2022-02-08 19:53:30.256 DEBUG [acme.Launcher@main] Found classpath entry '/C:/Users/jesus/Workspace-22.0/Starters/Hello-World-22.0/target/test-classes/' 
2022-02-08 19:53:30.256 DEBUG [acme.Launcher@main] Found classpath entry '/C:/Users/jesus/.m2/repository/org/springframework/boot/spring-boot-starter-tomcat/2.4.2/spring-boot-starter-tomcat-2.4.2.jar' 
2022-02-08 19:53:30.256 DEBUG [acme.Launcher@main] Found classpath entry '/C:/Users/jesus/.m2/repository/jakarta/annotation/jakarta.annotation-api/1.3.5/jakarta.annotation-api-1.3.5.jar' 
2022-02-08 19:53:30.257 DEBUG [acme.Launcher@main] Found classpath entry '/C:/Users/jesus/.m2/repository/org/apache/tomcat/embed/tomcat-embed-core/9.0.41/tomcat-embed-core-9.0.41.jar' 
2022-02-08 19:53:30.257 DEBUG [acme.Launcher@main] Found classpath entry '/C:/Users/jesus/.m2/repository/org/glassfish/jakarta.el/3.0.3/jakarta.el-3.0.3.jar' 
2022-02-08 19:53:30.257 DEBUG [acme.Launcher@main] Found classpath entry '/C:/Users/jesus/.m2/repository/org/apache/tomcat/embed/tomcat-embed-websocket/9.0.41/tomcat-embed-websocket-9.0.41.jar' 
2022-02-08 19:53:30.257 DEBUG [acme.Launcher@main] Found classpath entry '/C:/Users/jesus/.m2/repository/org/apache/tomcat/embed/tomcat-embed-jasper/9.0.41/tomcat-embed-jasper-9.0.41.jar' 
2022-02-08 19:53:30.257 DEBUG [acme.Launcher@main] Found classpath entry '/C:/Users/jesus/.m2/repository/org/apache/tomcat/embed/tomcat-embed-el/9.0.41/tomcat-embed-el-9.0.41.jar' 
2022-02-08 19:53:30.257 DEBUG [acme.Launcher@main] Found classpath entry '/C:/Users/jesus/.m2/repository/org/eclipse/jdt/ecj/3.18.0/ecj-3.18.0.jar' 
2022-02-08 19:53:30.258 DEBUG [acme.Launcher@main] Found classpath entry '/C:/Users/jesus/.m2/repository/javax/servlet/jstl/1.2/jstl-1.2.jar' 
2022-02-08 19:53:30.258 DEBUG [acme.Launcher@main] Found classpath entry '/C:/Users/jesus/.m2/repository/org/springframework/boot/spring-boot-starter-test/2.4.2/spring-boot-starter-test-2.4.2.jar' 
2022-02-08 19:53:30.259 DEBUG [acme.Launcher@main] Found classpath entry '/C:/Users/jesus/.m2/repository/org/springframework/boot/spring-boot-starter/2.4.2/spring-boot-starter-2.4.2.jar' 
2022-02-08 19:53:30.259 DEBUG [acme.Launcher@main] Found classpath entry '/C:/Users/jesus/.m2/repository/org/springframework/boot/spring-boot/2.4.2/spring-boot-2.4.2.jar' 
2022-02-08 19:53:30.259 DEBUG [acme.Launcher@main] Found classpath entry '/C:/Users/jesus/.m2/repository/org/springframework/boot/spring-boot-autoconfigure/2.4.2/spring-boot-autoconfigure-2.4.2.jar' 
2022-02-08 19:53:30.259 DEBUG [acme.Launcher@main] Found classpath entry '/C:/Users/jesus/.m2/repository/org/springframework/boot/spring-boot-starter-logging/2.4.2/spring-boot-starter-logging-2.4.2.jar' 
2022-02-08 19:53:30.259 DEBUG [acme.Launcher@main] Found classpath entry '/C:/Users/jesus/.m2/repository/ch/qos/logback/logback-classic/1.2.3/logback-classic-1.2.3.jar' 
2022-02-08 19:53:30.259 DEBUG [acme.Launcher@main] Found classpath entry '/C:/Users/jesus/.m2/repository/ch/qos/logback/logback-core/1.2.3/logback-core-1.2.3.jar' 
2022-02-08 19:53:30.260 DEBUG [acme.Launcher@main] Found classpath entry '/C:/Users/jesus/.m2/repository/org/apache/logging/log4j/log4j-to-slf4j/2.13.3/log4j-to-slf4j-2.13.3.jar' 
2022-02-08 19:53:30.260 DEBUG [acme.Launcher@main] Found classpath entry '/C:/Users/jesus/.m2/repository/org/apache/logging/log4j/log4j-api/2.13.3/log4j-api-2.13.3.jar' 
2022-02-08 19:53:30.260 DEBUG [acme.Launcher@main] Found classpath entry '/C:/Users/jesus/.m2/repository/org/slf4j/jul-to-slf4j/1.7.30/jul-to-slf4j-1.7.30.jar' 
2022-02-08 19:53:30.260 DEBUG [acme.Launcher@main] Found classpath entry '/C:/Users/jesus/.m2/repository/org/yaml/snakeyaml/1.27/snakeyaml-1.27.jar' 
2022-02-08 19:53:30.260 DEBUG [acme.Launcher@main] Found classpath entry '/C:/Users/jesus/.m2/repository/org/springframework/boot/spring-boot-test/2.4.2/spring-boot-test-2.4.2.jar' 
2022-02-08 19:53:30.260 DEBUG [acme.Launcher@main] Found classpath entry '/C:/Users/jesus/.m2/repository/org/springframework/boot/spring-boot-test-autoconfigure/2.4.2/spring-boot-test-autoconfigure-2.4.2.jar' 
2022-02-08 19:53:30.260 DEBUG [acme.Launcher@main] Found classpath entry '/C:/Users/jesus/.m2/repository/com/jayway/jsonpath/json-path/2.4.0/json-path-2.4.0.jar' 
2022-02-08 19:53:30.261 DEBUG [acme.Launcher@main] Found classpath entry '/C:/Users/jesus/.m2/repository/net/minidev/json-smart/2.3/json-smart-2.3.jar' 
2022-02-08 19:53:30.261 DEBUG [acme.Launcher@main] Found classpath entry '/C:/Users/jesus/.m2/repository/net/minidev/accessors-smart/1.2/accessors-smart-1.2.jar' 
2022-02-08 19:53:30.261 DEBUG [acme.Launcher@main] Found classpath entry '/C:/Users/jesus/.m2/repository/org/ow2/asm/asm/5.0.4/asm-5.0.4.jar' 
2022-02-08 19:53:30.261 DEBUG [acme.Launcher@main] Found classpath entry '/C:/Users/jesus/.m2/repository/jakarta/xml/bind/jakarta.xml.bind-api/2.3.3/jakarta.xml.bind-api-2.3.3.jar' 
2022-02-08 19:53:30.261 DEBUG [acme.Launcher@main] Found classpath entry '/C:/Users/jesus/.m2/repository/jakarta/activation/jakarta.activation-api/1.2.2/jakarta.activation-api-1.2.2.jar' 
2022-02-08 19:53:30.261 DEBUG [acme.Launcher@main] Found classpath entry '/C:/Users/jesus/.m2/repository/org/assertj/assertj-core/3.18.1/assertj-core-3.18.1.jar' 
2022-02-08 19:53:30.262 DEBUG [acme.Launcher@main] Found classpath entry '/C:/Users/jesus/.m2/repository/org/hamcrest/hamcrest/2.2/hamcrest-2.2.jar' 
2022-02-08 19:53:30.262 DEBUG [acme.Launcher@main] Found classpath entry '/C:/Users/jesus/.m2/repository/org/junit/jupiter/junit-jupiter/5.7.0/junit-jupiter-5.7.0.jar' 
2022-02-08 19:53:30.262 DEBUG [acme.Launcher@main] Found classpath entry '/C:/Users/jesus/.m2/repository/org/mockito/mockito-core/3.6.28/mockito-core-3.6.28.jar' 
2022-02-08 19:53:30.263 DEBUG [acme.Launcher@main] Found classpath entry '/C:/Users/jesus/.m2/repository/net/bytebuddy/byte-buddy-agent/1.10.19/byte-buddy-agent-1.10.19.jar' 
2022-02-08 19:53:30.263 DEBUG [acme.Launcher@main] Found classpath entry '/C:/Users/jesus/.m2/repository/org/objenesis/objenesis/3.1/objenesis-3.1.jar' 
2022-02-08 19:53:30.264 DEBUG [acme.Launcher@main] Found classpath entry '/C:/Users/jesus/.m2/repository/org/mockito/mockito-junit-jupiter/3.6.28/mockito-junit-jupiter-3.6.28.jar' 
2022-02-08 19:53:30.264 DEBUG [acme.Launcher@main] Found classpath entry '/C:/Users/jesus/.m2/repository/org/skyscreamer/jsonassert/1.5.0/jsonassert-1.5.0.jar' 
2022-02-08 19:53:30.264 DEBUG [acme.Launcher@main] Found classpath entry '/C:/Users/jesus/.m2/repository/com/vaadin/external/google/android-json/0.0.20131108.vaadin1/android-json-0.0.20131108.vaadin1.jar' 
2022-02-08 19:53:30.264 DEBUG [acme.Launcher@main] Found classpath entry '/C:/Users/jesus/.m2/repository/org/springframework/spring-core/5.3.3/spring-core-5.3.3.jar' 
2022-02-08 19:53:30.264 DEBUG [acme.Launcher@main] Found classpath entry '/C:/Users/jesus/.m2/repository/org/springframework/spring-jcl/5.3.3/spring-jcl-5.3.3.jar' 
2022-02-08 19:53:30.265 DEBUG [acme.Launcher@main] Found classpath entry '/C:/Users/jesus/.m2/repository/org/springframework/spring-test/5.3.3/spring-test-5.3.3.jar' 
2022-02-08 19:53:30.265 DEBUG [acme.Launcher@main] Found classpath entry '/C:/Users/jesus/.m2/repository/org/xmlunit/xmlunit-core/2.7.0/xmlunit-core-2.7.0.jar' 
2022-02-08 19:53:30.265 DEBUG [acme.Launcher@main] Found classpath entry '/C:/Users/jesus/.m2/repository/org/springframework/boot/spring-boot-starter-security/2.4.2/spring-boot-starter-security-2.4.2.jar' 
2022-02-08 19:53:30.265 DEBUG [acme.Launcher@main] Found classpath entry '/C:/Users/jesus/.m2/repository/org/springframework/spring-aop/5.3.3/spring-aop-5.3.3.jar' 
2022-02-08 19:53:30.265 DEBUG [acme.Launcher@main] Found classpath entry '/C:/Users/jesus/.m2/repository/org/springframework/security/spring-security-web/5.4.2/spring-security-web-5.4.2.jar' 
2022-02-08 19:53:30.266 DEBUG [acme.Launcher@main] Found classpath entry '/C:/Users/jesus/.m2/repository/org/springframework/security/spring-security-core/5.4.2/spring-security-core-5.4.2.jar' 
2022-02-08 19:53:30.266 DEBUG [acme.Launcher@main] Found classpath entry '/C:/Users/jesus/.m2/repository/org/springframework/spring-beans/5.3.3/spring-beans-5.3.3.jar' 
2022-02-08 19:53:30.266 DEBUG [acme.Launcher@main] Found classpath entry '/C:/Users/jesus/.m2/repository/org/springframework/spring-context/5.3.3/spring-context-5.3.3.jar' 
2022-02-08 19:53:30.266 DEBUG [acme.Launcher@main] Found classpath entry '/C:/Users/jesus/.m2/repository/org/springframework/spring-expression/5.3.3/spring-expression-5.3.3.jar' 
2022-02-08 19:53:30.266 DEBUG [acme.Launcher@main] Found classpath entry '/C:/Users/jesus/.m2/repository/org/springframework/spring-web/5.3.3/spring-web-5.3.3.jar' 
2022-02-08 19:53:30.266 DEBUG [acme.Launcher@main] Found classpath entry '/C:/Users/jesus/.m2/repository/org/springframework/security/spring-security-config/5.4.2/spring-security-config-5.4.2.jar' 
2022-02-08 19:53:30.267 DEBUG [acme.Launcher@main] Found classpath entry '/C:/Users/jesus/.m2/repository/org/springframework/security/spring-security-taglibs/5.4.2/spring-security-taglibs-5.4.2.jar' 
2022-02-08 19:53:30.267 DEBUG [acme.Launcher@main] Found classpath entry '/C:/Users/jesus/.m2/repository/org/springframework/security/spring-security-acl/5.4.2/spring-security-acl-5.4.2.jar' 
2022-02-08 19:53:30.267 DEBUG [acme.Launcher@main] Found classpath entry '/C:/Users/jesus/.m2/repository/org/springframework/spring-jdbc/5.3.3/spring-jdbc-5.3.3.jar' 
2022-02-08 19:53:30.267 DEBUG [acme.Launcher@main] Found classpath entry '/C:/Users/jesus/.m2/repository/org/springframework/spring-tx/5.3.3/spring-tx-5.3.3.jar' 
2022-02-08 19:53:30.267 DEBUG [acme.Launcher@main] Found classpath entry '/C:/Users/jesus/.m2/repository/org/springframework/boot/spring-boot-starter-web/2.4.2/spring-boot-starter-web-2.4.2.jar' 
2022-02-08 19:53:30.267 DEBUG [acme.Launcher@main] Found classpath entry '/C:/Users/jesus/.m2/repository/org/springframework/boot/spring-boot-starter-json/2.4.2/spring-boot-starter-json-2.4.2.jar' 
2022-02-08 19:53:30.267 DEBUG [acme.Launcher@main] Found classpath entry '/C:/Users/jesus/.m2/repository/com/fasterxml/jackson/core/jackson-databind/2.11.4/jackson-databind-2.11.4.jar' 
2022-02-08 19:53:30.267 DEBUG [acme.Launcher@main] Found classpath entry '/C:/Users/jesus/.m2/repository/com/fasterxml/jackson/core/jackson-annotations/2.11.4/jackson-annotations-2.11.4.jar' 
2022-02-08 19:53:30.268 DEBUG [acme.Launcher@main] Found classpath entry '/C:/Users/jesus/.m2/repository/com/fasterxml/jackson/core/jackson-core/2.11.4/jackson-core-2.11.4.jar' 
2022-02-08 19:53:30.268 DEBUG [acme.Launcher@main] Found classpath entry '/C:/Users/jesus/.m2/repository/com/fasterxml/jackson/datatype/jackson-datatype-jdk8/2.11.4/jackson-datatype-jdk8-2.11.4.jar' 
2022-02-08 19:53:30.268 DEBUG [acme.Launcher@main] Found classpath entry '/C:/Users/jesus/.m2/repository/com/fasterxml/jackson/datatype/jackson-datatype-jsr310/2.11.4/jackson-datatype-jsr310-2.11.4.jar' 
2022-02-08 19:53:30.268 DEBUG [acme.Launcher@main] Found classpath entry '/C:/Users/jesus/.m2/repository/com/fasterxml/jackson/module/jackson-module-parameter-names/2.11.4/jackson-module-parameter-names-2.11.4.jar' 
2022-02-08 19:53:30.268 DEBUG [acme.Launcher@main] Found classpath entry '/C:/Users/jesus/.m2/repository/org/springframework/spring-webmvc/5.3.3/spring-webmvc-5.3.3.jar' 
2022-02-08 19:53:30.268 DEBUG [acme.Launcher@main] Found classpath entry '/C:/Users/jesus/.m2/repository/org/apache/tiles/tiles-jsp/3.0.8/tiles-jsp-3.0.8.jar' 
2022-02-08 19:53:30.268 DEBUG [acme.Launcher@main] Found classpath entry '/C:/Users/jesus/.m2/repository/org/apache/tiles/tiles-servlet/3.0.8/tiles-servlet-3.0.8.jar' 
2022-02-08 19:53:30.268 DEBUG [acme.Launcher@main] Found classpath entry '/C:/Users/jesus/.m2/repository/org/apache/tiles/tiles-core/3.0.8/tiles-core-3.0.8.jar' 
2022-02-08 19:53:30.268 DEBUG [acme.Launcher@main] Found classpath entry '/C:/Users/jesus/.m2/repository/commons-digester/commons-digester/2.0/commons-digester-2.0.jar' 
2022-02-08 19:53:30.269 DEBUG [acme.Launcher@main] Found classpath entry '/C:/Users/jesus/.m2/repository/org/slf4j/jcl-over-slf4j/1.7.30/jcl-over-slf4j-1.7.30.jar' 
2022-02-08 19:53:30.269 DEBUG [acme.Launcher@main] Found classpath entry '/C:/Users/jesus/.m2/repository/org/apache/tiles/tiles-request-servlet/1.0.7/tiles-request-servlet-1.0.7.jar' 
2022-02-08 19:53:30.269 DEBUG [acme.Launcher@main] Found classpath entry '/C:/Users/jesus/.m2/repository/org/apache/tiles/tiles-template/3.0.8/tiles-template-3.0.8.jar' 
2022-02-08 19:53:30.269 DEBUG [acme.Launcher@main] Found classpath entry '/C:/Users/jesus/.m2/repository/org/apache/tiles/tiles-api/3.0.8/tiles-api-3.0.8.jar' 
2022-02-08 19:53:30.269 DEBUG [acme.Launcher@main] Found classpath entry '/C:/Users/jesus/.m2/repository/org/apache/tiles/tiles-autotag-core-runtime/1.2/tiles-autotag-core-runtime-1.2.jar' 
2022-02-08 19:53:30.269 DEBUG [acme.Launcher@main] Found classpath entry '/C:/Users/jesus/.m2/repository/org/slf4j/slf4j-api/1.7.30/slf4j-api-1.7.30.jar' 
2022-02-08 19:53:30.269 DEBUG [acme.Launcher@main] Found classpath entry '/C:/Users/jesus/.m2/repository/org/apache/tiles/tiles-request-jsp/1.0.7/tiles-request-jsp-1.0.7.jar' 
2022-02-08 19:53:30.269 DEBUG [acme.Launcher@main] Found classpath entry '/C:/Users/jesus/.m2/repository/org/apache/tiles/tiles-request-api/1.0.7/tiles-request-api-1.0.7.jar' 
2022-02-08 19:53:30.269 DEBUG [acme.Launcher@main] Found classpath entry '/C:/Users/jesus/.m2/repository/org/springframework/boot/spring-boot-starter-data-jpa/2.4.2/spring-boot-starter-data-jpa-2.4.2.jar' 
2022-02-08 19:53:30.269 DEBUG [acme.Launcher@main] Found classpath entry '/C:/Users/jesus/.m2/repository/org/springframework/boot/spring-boot-starter-aop/2.4.2/spring-boot-starter-aop-2.4.2.jar' 
2022-02-08 19:53:30.269 DEBUG [acme.Launcher@main] Found classpath entry '/C:/Users/jesus/.m2/repository/org/aspectj/aspectjweaver/1.9.6/aspectjweaver-1.9.6.jar' 
2022-02-08 19:53:30.269 DEBUG [acme.Launcher@main] Found classpath entry '/C:/Users/jesus/.m2/repository/org/springframework/boot/spring-boot-starter-jdbc/2.4.2/spring-boot-starter-jdbc-2.4.2.jar' 
2022-02-08 19:53:30.270 DEBUG [acme.Launcher@main] Found classpath entry '/C:/Users/jesus/.m2/repository/jakarta/transaction/jakarta.transaction-api/1.3.3/jakarta.transaction-api-1.3.3.jar' 
2022-02-08 19:53:30.270 DEBUG [acme.Launcher@main] Found classpath entry '/C:/Users/jesus/.m2/repository/jakarta/persistence/jakarta.persistence-api/2.2.3/jakarta.persistence-api-2.2.3.jar' 
2022-02-08 19:53:30.270 DEBUG [acme.Launcher@main] Found classpath entry '/C:/Users/jesus/.m2/repository/org/hibernate/hibernate-core/5.4.27.Final/hibernate-core-5.4.27.Final.jar' 
2022-02-08 19:53:30.270 DEBUG [acme.Launcher@main] Found classpath entry '/C:/Users/jesus/.m2/repository/org/jboss/logging/jboss-logging/3.4.1.Final/jboss-logging-3.4.1.Final.jar' 
2022-02-08 19:53:30.270 DEBUG [acme.Launcher@main] Found classpath entry '/C:/Users/jesus/.m2/repository/org/javassist/javassist/3.27.0-GA/javassist-3.27.0-GA.jar' 
2022-02-08 19:53:30.270 DEBUG [acme.Launcher@main] Found classpath entry '/C:/Users/jesus/.m2/repository/antlr/antlr/2.7.7/antlr-2.7.7.jar' 
2022-02-08 19:53:30.270 DEBUG [acme.Launcher@main] Found classpath entry '/C:/Users/jesus/.m2/repository/org/jboss/jandex/2.1.3.Final/jandex-2.1.3.Final.jar' 
2022-02-08 19:53:30.270 DEBUG [acme.Launcher@main] Found classpath entry '/C:/Users/jesus/.m2/repository/com/fasterxml/classmate/1.5.1/classmate-1.5.1.jar' 
2022-02-08 19:53:30.270 DEBUG [acme.Launcher@main] Found classpath entry '/C:/Users/jesus/.m2/repository/org/dom4j/dom4j/2.1.3/dom4j-2.1.3.jar' 
2022-02-08 19:53:30.270 DEBUG [acme.Launcher@main] Found classpath entry '/C:/Users/jesus/.m2/repository/org/hibernate/common/hibernate-commons-annotations/5.1.2.Final/hibernate-commons-annotations-5.1.2.Final.jar' 
2022-02-08 19:53:30.270 DEBUG [acme.Launcher@main] Found classpath entry '/C:/Users/jesus/.m2/repository/org/glassfish/jaxb/jaxb-runtime/2.3.3/jaxb-runtime-2.3.3.jar' 
2022-02-08 19:53:30.270 DEBUG [acme.Launcher@main] Found classpath entry '/C:/Users/jesus/.m2/repository/org/glassfish/jaxb/txw2/2.3.3/txw2-2.3.3.jar' 
2022-02-08 19:53:30.270 DEBUG [acme.Launcher@main] Found classpath entry '/C:/Users/jesus/.m2/repository/com/sun/istack/istack-commons-runtime/3.0.11/istack-commons-runtime-3.0.11.jar' 
2022-02-08 19:53:30.270 DEBUG [acme.Launcher@main] Found classpath entry '/C:/Users/jesus/.m2/repository/com/sun/activation/jakarta.activation/1.2.2/jakarta.activation-1.2.2.jar' 
2022-02-08 19:53:30.271 DEBUG [acme.Launcher@main] Found classpath entry '/C:/Users/jesus/.m2/repository/org/springframework/data/spring-data-jpa/2.4.3/spring-data-jpa-2.4.3.jar' 
2022-02-08 19:53:30.271 DEBUG [acme.Launcher@main] Found classpath entry '/C:/Users/jesus/.m2/repository/org/springframework/data/spring-data-commons/2.4.3/spring-data-commons-2.4.3.jar' 
2022-02-08 19:53:30.271 DEBUG [acme.Launcher@main] Found classpath entry '/C:/Users/jesus/.m2/repository/org/springframework/spring-orm/5.3.3/spring-orm-5.3.3.jar' 
2022-02-08 19:53:30.271 DEBUG [acme.Launcher@main] Found classpath entry '/C:/Users/jesus/.m2/repository/org/springframework/spring-aspects/5.3.3/spring-aspects-5.3.3.jar' 
2022-02-08 19:53:30.271 DEBUG [acme.Launcher@main] Found classpath entry '/C:/Users/jesus/.m2/repository/org/springframework/boot/spring-boot-starter-validation/2.4.2/spring-boot-starter-validation-2.4.2.jar' 
2022-02-08 19:53:30.271 DEBUG [acme.Launcher@main] Found classpath entry '/C:/Users/jesus/.m2/repository/org/hibernate/validator/hibernate-validator/6.1.7.Final/hibernate-validator-6.1.7.Final.jar' 
2022-02-08 19:53:30.271 DEBUG [acme.Launcher@main] Found classpath entry '/C:/Users/jesus/.m2/repository/jakarta/validation/jakarta.validation-api/2.0.2/jakarta.validation-api-2.0.2.jar' 
2022-02-08 19:53:30.271 DEBUG [acme.Launcher@main] Found classpath entry '/C:/Users/jesus/.m2/repository/mysql/mysql-connector-java/8.0.22/mysql-connector-java-8.0.22.jar' 
2022-02-08 19:53:30.271 DEBUG [acme.Launcher@main] Found classpath entry '/C:/Users/jesus/.m2/repository/com/zaxxer/HikariCP/3.4.5/HikariCP-3.4.5.jar' 
2022-02-08 19:53:30.271 DEBUG [acme.Launcher@main] Found classpath entry '/C:/Users/jesus/.m2/repository/org/junit/jupiter/junit-jupiter-engine/5.7.0/junit-jupiter-engine-5.7.0.jar' 
2022-02-08 19:53:30.271 DEBUG [acme.Launcher@main] Found classpath entry '/C:/Users/jesus/.m2/repository/org/apiguardian/apiguardian-api/1.1.0/apiguardian-api-1.1.0.jar' 
2022-02-08 19:53:30.271 DEBUG [acme.Launcher@main] Found classpath entry '/C:/Users/jesus/.m2/repository/org/junit/platform/junit-platform-engine/1.7.0/junit-platform-engine-1.7.0.jar' 
2022-02-08 19:53:30.272 DEBUG [acme.Launcher@main] Found classpath entry '/C:/Users/jesus/.m2/repository/org/junit/jupiter/junit-jupiter-api/5.7.0/junit-jupiter-api-5.7.0.jar' 
2022-02-08 19:53:30.272 DEBUG [acme.Launcher@main] Found classpath entry '/C:/Users/jesus/.m2/repository/org/opentest4j/opentest4j/1.2.0/opentest4j-1.2.0.jar' 
2022-02-08 19:53:30.272 DEBUG [acme.Launcher@main] Found classpath entry '/C:/Users/jesus/.m2/repository/org/junit/platform/junit-platform-commons/1.7.0/junit-platform-commons-1.7.0.jar' 
2022-02-08 19:53:30.272 DEBUG [acme.Launcher@main] Found classpath entry '/C:/Users/jesus/.m2/repository/org/junit/jupiter/junit-jupiter-params/5.7.0/junit-jupiter-params-5.7.0.jar' 
2022-02-08 19:53:30.272 DEBUG [acme.Launcher@main] Found classpath entry '/C:/Users/jesus/.m2/repository/org/junit/platform/junit-platform-launcher/1.7.0/junit-platform-launcher-1.7.0.jar' 
2022-02-08 19:53:30.272 DEBUG [acme.Launcher@main] Found classpath entry '/C:/Users/jesus/.m2/repository/org/seleniumhq/selenium/selenium-java/3.141.59/selenium-java-3.141.59.jar' 
2022-02-08 19:53:30.272 DEBUG [acme.Launcher@main] Found classpath entry '/C:/Users/jesus/.m2/repository/org/seleniumhq/selenium/selenium-api/3.141.59/selenium-api-3.141.59.jar' 
2022-02-08 19:53:30.272 DEBUG [acme.Launcher@main] Found classpath entry '/C:/Users/jesus/.m2/repository/org/seleniumhq/selenium/selenium-chrome-driver/3.141.59/selenium-chrome-driver-3.141.59.jar' 
2022-02-08 19:53:30.272 DEBUG [acme.Launcher@main] Found classpath entry '/C:/Users/jesus/.m2/repository/org/seleniumhq/selenium/selenium-edge-driver/3.141.59/selenium-edge-driver-3.141.59.jar' 
2022-02-08 19:53:30.272 DEBUG [acme.Launcher@main] Found classpath entry '/C:/Users/jesus/.m2/repository/org/seleniumhq/selenium/selenium-firefox-driver/3.141.59/selenium-firefox-driver-3.141.59.jar' 
2022-02-08 19:53:30.272 DEBUG [acme.Launcher@main] Found classpath entry '/C:/Users/jesus/.m2/repository/org/seleniumhq/selenium/selenium-ie-driver/3.141.59/selenium-ie-driver-3.141.59.jar' 
2022-02-08 19:53:30.272 DEBUG [acme.Launcher@main] Found classpath entry '/C:/Users/jesus/.m2/repository/org/seleniumhq/selenium/selenium-opera-driver/3.141.59/selenium-opera-driver-3.141.59.jar' 
2022-02-08 19:53:30.272 DEBUG [acme.Launcher@main] Found classpath entry '/C:/Users/jesus/.m2/repository/org/seleniumhq/selenium/selenium-remote-driver/3.141.59/selenium-remote-driver-3.141.59.jar' 
2022-02-08 19:53:30.273 DEBUG [acme.Launcher@main] Found classpath entry '/C:/Users/jesus/.m2/repository/org/seleniumhq/selenium/selenium-safari-driver/3.141.59/selenium-safari-driver-3.141.59.jar' 
2022-02-08 19:53:30.273 DEBUG [acme.Launcher@main] Found classpath entry '/C:/Users/jesus/.m2/repository/org/seleniumhq/selenium/selenium-support/3.141.59/selenium-support-3.141.59.jar' 
2022-02-08 19:53:30.273 DEBUG [acme.Launcher@main] Found classpath entry '/C:/Users/jesus/.m2/repository/net/bytebuddy/byte-buddy/1.10.19/byte-buddy-1.10.19.jar' 
2022-02-08 19:53:30.273 DEBUG [acme.Launcher@main] Found classpath entry '/C:/Users/jesus/.m2/repository/org/apache/commons/commons-exec/1.3/commons-exec-1.3.jar' 
2022-02-08 19:53:30.273 DEBUG [acme.Launcher@main] Found classpath entry '/C:/Users/jesus/.m2/repository/com/google/guava/guava/25.0-jre/guava-25.0-jre.jar' 
2022-02-08 19:53:30.273 DEBUG [acme.Launcher@main] Found classpath entry '/C:/Users/jesus/.m2/repository/com/google/code/findbugs/jsr305/1.3.9/jsr305-1.3.9.jar' 
2022-02-08 19:53:30.273 DEBUG [acme.Launcher@main] Found classpath entry '/C:/Users/jesus/.m2/repository/org/checkerframework/checker-compat-qual/2.0.0/checker-compat-qual-2.0.0.jar' 
2022-02-08 19:53:30.273 DEBUG [acme.Launcher@main] Found classpath entry '/C:/Users/jesus/.m2/repository/com/google/errorprone/error_prone_annotations/2.1.3/error_prone_annotations-2.1.3.jar' 
2022-02-08 19:53:30.273 DEBUG [acme.Launcher@main] Found classpath entry '/C:/Users/jesus/.m2/repository/com/google/j2objc/j2objc-annotations/1.1/j2objc-annotations-1.1.jar' 
2022-02-08 19:53:30.273 DEBUG [acme.Launcher@main] Found classpath entry '/C:/Users/jesus/.m2/repository/org/codehaus/mojo/animal-sniffer-annotations/1.14/animal-sniffer-annotations-1.14.jar' 
2022-02-08 19:53:30.273 DEBUG [acme.Launcher@main] Found classpath entry '/C:/Users/jesus/.m2/repository/com/squareup/okhttp3/okhttp/3.14.9/okhttp-3.14.9.jar' 
2022-02-08 19:53:30.274 DEBUG [acme.Launcher@main] Found classpath entry '/C:/Users/jesus/.m2/repository/com/squareup/okio/okio/1.14.0/okio-1.14.0.jar' 
2022-02-08 19:53:30.274 DEBUG [acme.Launcher@main] Found classpath entry '/C:/Users/jesus/.m2/repository/org/apache/commons/commons-lang3/3.11/commons-lang3-3.11.jar' 
2022-02-08 19:53:30.274 DEBUG [acme.Launcher@main] Found classpath entry '/C:/Users/jesus/.m2/repository/org/apache/commons/commons-text/1.8/commons-text-1.8.jar' 
2022-02-08 19:53:30.274 DEBUG [acme.Launcher@main] Found classpath entry '/C:/Users/jesus/.m2/repository/commons-io/commons-io/2.6/commons-io-2.6.jar' 
2022-02-08 19:53:30.274 DEBUG [acme.Launcher@main] Found classpath entry '/C:/Users/jesus/.m2/repository/commons-cli/commons-cli/1.4/commons-cli-1.4.jar' 
2022-02-08 19:53:30.274 DEBUG [acme.Launcher@main] Found classpath entry '/C:/Users/jesus/.m2/repository/org/projectlombok/lombok/1.18.16/lombok-1.18.16.jar' 
2022-02-08 19:53:30.274 DEBUG [acme.Launcher@main] Found classpath entry '/C:/Users/jesus/.m2/repository/com/opencsv/opencsv/5.4/opencsv-5.4.jar' 
2022-02-08 19:53:30.274 DEBUG [acme.Launcher@main] Found classpath entry '/C:/Users/jesus/.m2/repository/commons-beanutils/commons-beanutils/1.9.4/commons-beanutils-1.9.4.jar' 
2022-02-08 19:53:30.274 DEBUG [acme.Launcher@main] Found classpath entry '/C:/Users/jesus/.m2/repository/commons-logging/commons-logging/1.2/commons-logging-1.2.jar' 
2022-02-08 19:53:30.275 DEBUG [acme.Launcher@main] Found classpath entry '/C:/Users/jesus/.m2/repository/commons-collections/commons-collections/3.2.2/commons-collections-3.2.2.jar' 
2022-02-08 19:53:30.275 DEBUG [acme.Launcher@main] Found classpath entry '/C:/Users/jesus/.m2/repository/org/apache/commons/commons-collections4/4.4/commons-collections4-4.4.jar' 
2022-02-08 19:53:30.275 DEBUG [acme.Launcher@main] Found classpath entry '/C:/Users/jesus/Workspace-22.0/Frameworks/Acme-Framework-22.0/target/classes/' 
2022-02-08 19:53:30.275 DEBUG [acme.Launcher@main] Found classpath entry '/C:/Users/jesus/Workspace-22.0/Frameworks/Acme-Framework-22.0/target/test-classes/' 
2022-02-08 19:53:30.275 DEBUG [acme.Launcher@main] Found classpath entry '/C:/Users/jesus/Workspace-22.0/Tools/IDEs/eclipse-jee-2021-12-R/configuration/org.eclipse.osgi/418/0/.cp/lib/javaagent-shaded.jar' 
2022-02-08 19:53:30.314 DEBUG [acme.Launcher@main] Found entity class 'acme.roles.Consumer 
2022-02-08 19:53:30.314 DEBUG [acme.Launcher@main] Found entity class 'acme.roles.Provider 
2022-02-08 19:53:30.314 DEBUG [acme.Launcher@main] Found entity class 'acme.framework.entities.UserAccount 
2022-02-08 19:53:30.314 DEBUG [acme.Launcher@main] Found entity class 'acme.framework.roles.Administrator 
2022-02-08 19:53:30.314 DEBUG [acme.Launcher@main] Found entity class 'acme.framework.roles.Anonymous 
2022-02-08 19:53:30.314 DEBUG [acme.Launcher@main] Found entity class 'acme.framework.roles.Authenticated 
2022-02-08 19:53:30.320 INFO  [acme.Launcher@main] Running application (Standalone) 
2022-02-08 19:53:51.782 DEBUG [acme.framework.components.tiles.DynamicTilesView@http-nio-8080-exec-1] View name 'fragments/welcome', model {} 
2022-02-08 19:53:51.797 DEBUG [org.apache.tiles.definition.dao.BaseLocaleUrlDefinitionDAO@http-nio-8080-exec-1] File Resource file:/C:/Users/jesus/Workspace-22.0/Starters/Hello-World-22.0/target/classes/WEB-INF/views/master/tiles_en.xml at file:/C:/Users/jesus/Workspace-22.0/Starters/Hello-World-22.0/target/classes/WEB-INF/views/master/tiles_en.xml not found, continue 
2022-02-08 19:53:51.802 DEBUG [org.apache.jasper.servlet.JspServlet@http-nio-8080-exec-1] JspEngine --> /WEB-INF/views/master/page.jsp 
2022-02-08 19:53:51.802 DEBUG [org.apache.jasper.servlet.JspServlet@http-nio-8080-exec-1] ServletPath: /WEB-INF/views/master/page.jsp 
2022-02-08 19:53:51.802 DEBUG [org.apache.jasper.servlet.JspServlet@http-nio-8080-exec-1] PathInfo: null 
2022-02-08 19:53:51.803 DEBUG [org.apache.jasper.servlet.JspServlet@http-nio-8080-exec-1] RealPath: C:\Users\jesus\Workspace-22.0\Starters\Hello-World-22.0\target\classes\WEB-INF\views\master\page.jsp 
2022-02-08 19:53:51.803 DEBUG [org.apache.jasper.servlet.JspServlet@http-nio-8080-exec-1] RequestURI: /hello-world-22.0/WEB-INF/views/master/page.jsp 
2022-02-08 19:53:51.803 DEBUG [org.apache.jasper.servlet.JspServlet@http-nio-8080-exec-1] QueryString: null 
2022-02-08 19:53:54.048 DEBUG [acme.framework.configuration.ExtendedMessageSource@http-nio-8080-exec-1] Loading properties [messsages-en.i18n] with encoding 'utf-8' 
2022-02-08 19:53:54.049 DEBUG [acme.framework.configuration.ExtendedMessageSource@http-nio-8080-exec-1] Loading properties [messsages-en.i18n] with encoding 'utf-8' 
2022-02-08 19:53:54.049 DEBUG [acme.framework.configuration.ExtendedMessageSource@http-nio-8080-exec-1] Loading properties [messsages-en.i18n] with encoding 'utf-8' 
2022-02-08 19:53:54.050 DEBUG [acme.framework.configuration.ExtendedMessageSource@http-nio-8080-exec-1] Loading properties [messsages-en.i18n] with encoding 'utf-8' 
2022-02-08 19:53:54.050 DEBUG [acme.framework.configuration.ExtendedMessageSource@http-nio-8080-exec-1] Loading properties [messsages-en.i18n] with encoding 'utf-8' 
2022-02-08 19:53:54.050 DEBUG [acme.framework.configuration.ExtendedMessageSource@http-nio-8080-exec-1] Loading properties [banner-en.i18n] with encoding 'utf-8' 
2022-02-08 19:53:54.051 DEBUG [acme.framework.configuration.ExtendedMessageSource@http-nio-8080-exec-1] Loading properties [company-en.i18n] with encoding 'utf-8' 
2022-02-08 19:53:54.051 DEBUG [acme.framework.configuration.ExtendedMessageSource@http-nio-8080-exec-1] Loading properties [footer-en.i18n] with encoding 'utf-8' 
2022-02-08 19:53:54.051 DEBUG [acme.framework.configuration.ExtendedMessageSource@http-nio-8080-exec-1] Loading properties [license-en.i18n] with encoding 'utf-8' 
2022-02-08 19:53:54.052 DEBUG [acme.framework.configuration.ExtendedMessageSource@http-nio-8080-exec-1] Loading properties [menu-en.i18n] with encoding 'utf-8' 
2022-02-08 19:53:54.052 DEBUG [acme.framework.configuration.ExtendedMessageSource@http-nio-8080-exec-1] Loading properties [messsages-en.i18n] with encoding 'utf-8' 
2022-02-08 19:53:54.052 DEBUG [acme.framework.configuration.ExtendedMessageSource@http-nio-8080-exec-1] Loading properties [title-en.i18n] with encoding 'utf-8' 
2022-02-08 19:53:54.053 DEBUG [acme.framework.configuration.ExtendedMessageSource@http-nio-8080-exec-1] Loading properties [welcome-en.i18n] with encoding 'utf-8' 
2022-02-08 19:53:54.053 DEBUG [acme.framework.configuration.ExtendedMessageSource@http-nio-8080-exec-1] Loading properties [defaults-en.i18n] with encoding 'utf-8' 
2022-02-08 19:53:54.053 DEBUG [acme.framework.configuration.ExtendedMessageSource@http-nio-8080-exec-1] Loading properties [master-en.i18n] with encoding 'utf-8' 
2022-02-08 19:53:54.054 DEBUG [acme.framework.configuration.ExtendedMessageSource@http-nio-8080-exec-1] Loading properties [throwables-en.i18n] with encoding 'utf-8' 
2022-02-08 19:53:54.054 DEBUG [acme.framework.configuration.ExtendedMessageSource@http-nio-8080-exec-1] Loading properties [validation-en.i18n] with encoding 'utf-8' 
2022-02-08 19:53:54.124 DEBUG [org.apache.jasper.servlet.JspServlet@http-nio-8080-exec-1] JspEngine --> /WEB-INF/views/fragments/welcome.jsp 
2022-02-08 19:53:54.124 DEBUG [org.apache.jasper.servlet.JspServlet@http-nio-8080-exec-1] ServletPath: /WEB-INF/views/master/page.jsp 
2022-02-08 19:53:54.124 DEBUG [org.apache.jasper.servlet.JspServlet@http-nio-8080-exec-1] PathInfo: null 
2022-02-08 19:53:54.125 DEBUG [org.apache.jasper.servlet.JspServlet@http-nio-8080-exec-1] RealPath: C:\Users\jesus\Workspace-22.0\Starters\Hello-World-22.0\target\classes\WEB-INF\views\fragments\welcome.jsp 
2022-02-08 19:53:54.126 DEBUG [org.apache.jasper.servlet.JspServlet@http-nio-8080-exec-1] RequestURI: /hello-world-22.0/WEB-INF/views/master/page.jsp 
2022-02-08 19:53:54.126 DEBUG [org.apache.jasper.servlet.JspServlet@http-nio-8080-exec-1] QueryString: null 
2022-02-08 19:53:54.297 DEBUG [org.hibernate.SQL@http-nio-8080-exec-1] select useraccoun0_.id as id1_0_, useraccoun0_.version as version2_0_, useraccoun0_.enabled as enabled1_6_, useraccoun0_.identity_email as identity2_6_, useraccoun0_.identity_name as identity3_6_, useraccoun0_.identity_surname as identity4_6_, useraccoun0_.password as password5_6_, useraccoun0_.username as username6_6_ from user_account useraccoun0_ where useraccoun0_.username=? 
2022-02-08 19:53:54.314 TRACE [org.hibernate.type.descriptor.sql.BasicBinder@http-nio-8080-exec-1] binding parameter [1] as [VARCHAR] - [anonymous] 
2022-02-08 19:53:54.322 ERROR [org.apache.catalina.core.ContainerBase.[Tomcat].[localhost].[/hello-world-22.0].[jsp]@http-nio-8080-exec-1] Servlet.service() for servlet [jsp] threw exception at acme.framework.services.AuthenticationService.loadUserByUsername(AuthenticationService.java:51): anonymous
2022-02-08 19:53:54.338 DEBUG [acme.framework.components.tiles.DynamicTilesView@http-nio-8080-exec-3] View name 'master/sign-in', model {username=, password=, remember=false} 
2022-02-08 19:53:54.339 DEBUG [org.apache.jasper.servlet.JspServlet@http-nio-8080-exec-3] JspEngine --> /WEB-INF/views/master/page.jsp 
2022-02-08 19:53:54.339 DEBUG [org.apache.jasper.servlet.JspServlet@http-nio-8080-exec-3] ServletPath: /WEB-INF/views/master/page.jsp 
2022-02-08 19:53:54.339 DEBUG [org.apache.jasper.servlet.JspServlet@http-nio-8080-exec-3] PathInfo: null 
2022-02-08 19:53:54.339 DEBUG [org.apache.jasper.servlet.JspServlet@http-nio-8080-exec-3] RealPath: C:\Users\jesus\Workspace-22.0\Starters\Hello-World-22.0\target\classes\WEB-INF\views\master\page.jsp 
2022-02-08 19:53:54.340 DEBUG [org.apache.jasper.servlet.JspServlet@http-nio-8080-exec-3] RequestURI: /hello-world-22.0/WEB-INF/views/master/page.jsp 
2022-02-08 19:53:54.340 DEBUG [org.apache.jasper.servlet.JspServlet@http-nio-8080-exec-3] QueryString: null 
2022-02-08 19:53:54.382 DEBUG [org.apache.jasper.servlet.JspServlet@http-nio-8080-exec-3] JspEngine --> /WEB-INF/views/master/sign-in.jsp 
2022-02-08 19:53:54.383 DEBUG [org.apache.jasper.servlet.JspServlet@http-nio-8080-exec-3] ServletPath: /WEB-INF/views/master/page.jsp 
2022-02-08 19:53:54.383 DEBUG [org.apache.jasper.servlet.JspServlet@http-nio-8080-exec-3] PathInfo: null 
2022-02-08 19:53:54.384 DEBUG [org.apache.jasper.servlet.JspServlet@http-nio-8080-exec-3] RealPath: C:\Users\jesus\Workspace-22.0\Starters\Hello-World-22.0\target\classes\WEB-INF\views\master\sign-in.jsp 
2022-02-08 19:53:54.384 DEBUG [org.apache.jasper.servlet.JspServlet@http-nio-8080-exec-3] RequestURI: /hello-world-22.0/WEB-INF/views/master/page.jsp 
2022-02-08 19:53:54.384 DEBUG [org.apache.jasper.servlet.JspServlet@http-nio-8080-exec-3] QueryString: null 
2022-02-08 19:53:55.354 DEBUG [org.hibernate.SQL@http-nio-8080-exec-3] select useraccoun0_.id as id1_0_, useraccoun0_.version as version2_0_, useraccoun0_.enabled as enabled1_6_, useraccoun0_.identity_email as identity2_6_, useraccoun0_.identity_name as identity3_6_, useraccoun0_.identity_surname as identity4_6_, useraccoun0_.password as password5_6_, useraccoun0_.username as username6_6_ from user_account useraccoun0_ where useraccoun0_.username=? 
2022-02-08 19:53:55.354 TRACE [org.hibernate.type.descriptor.sql.BasicBinder@http-nio-8080-exec-3] binding parameter [1] as [VARCHAR] - [anonymous] 
2022-02-08 19:53:55.356 ERROR [org.apache.catalina.core.ContainerBase.[Tomcat].[localhost].[/hello-world-22.0].[jsp]@http-nio-8080-exec-3] Servlet.service() for servlet [jsp] threw exception at acme.framework.services.AuthenticationService.loadUserByUsername(AuthenticationService.java:51): anonymous
2022-02-08 19:53:55.363 DEBUG [acme.framework.components.tiles.DynamicTilesView@http-nio-8080-exec-2] View name 'master/sign-in', model {username=, password=, remember=false} 
2022-02-08 19:53:55.364 DEBUG [org.apache.jasper.servlet.JspServlet@http-nio-8080-exec-2] JspEngine --> /WEB-INF/views/master/page.jsp 
2022-02-08 19:53:55.364 DEBUG [org.apache.jasper.servlet.JspServlet@http-nio-8080-exec-2] ServletPath: /WEB-INF/views/master/page.jsp 
2022-02-08 19:53:55.364 DEBUG [org.apache.jasper.servlet.JspServlet@http-nio-8080-exec-2] PathInfo: null 
2022-02-08 19:53:55.365 DEBUG [org.apache.jasper.servlet.JspServlet@http-nio-8080-exec-2] RealPath: C:\Users\jesus\Workspace-22.0\Starters\Hello-World-22.0\target\classes\WEB-INF\views\master\page.jsp 
2022-02-08 19:53:55.365 DEBUG [org.apache.jasper.servlet.JspServlet@http-nio-8080-exec-2] RequestURI: /hello-world-22.0/WEB-INF/views/master/page.jsp 
2022-02-08 19:53:55.365 DEBUG [org.apache.jasper.servlet.JspServlet@http-nio-8080-exec-2] QueryString: null 
2022-02-08 19:53:55.415 DEBUG [org.apache.jasper.servlet.JspServlet@http-nio-8080-exec-2] JspEngine --> /WEB-INF/views/master/sign-in.jsp 
2022-02-08 19:53:55.415 DEBUG [org.apache.jasper.servlet.JspServlet@http-nio-8080-exec-2] ServletPath: /WEB-INF/views/master/page.jsp 
2022-02-08 19:53:55.416 DEBUG [org.apache.jasper.servlet.JspServlet@http-nio-8080-exec-2] PathInfo: null 
2022-02-08 19:53:55.416 DEBUG [org.apache.jasper.servlet.JspServlet@http-nio-8080-exec-2] RealPath: C:\Users\jesus\Workspace-22.0\Starters\Hello-World-22.0\target\classes\WEB-INF\views\master\sign-in.jsp 
2022-02-08 19:53:55.416 DEBUG [org.apache.jasper.servlet.JspServlet@http-nio-8080-exec-2] RequestURI: /hello-world-22.0/WEB-INF/views/master/page.jsp 
2022-02-08 19:53:55.416 DEBUG [org.apache.jasper.servlet.JspServlet@http-nio-8080-exec-2] QueryString: null 
2022-02-08 19:53:55.519 DEBUG [org.hibernate.SQL@http-nio-8080-exec-2] select useraccoun0_.id as id1_0_, useraccoun0_.version as version2_0_, useraccoun0_.enabled as enabled1_6_, useraccoun0_.identity_email as identity2_6_, useraccoun0_.identity_name as identity3_6_, useraccoun0_.identity_surname as identity4_6_, useraccoun0_.password as password5_6_, useraccoun0_.username as username6_6_ from user_account useraccoun0_ where useraccoun0_.username=? 
2022-02-08 19:53:55.519 TRACE [org.hibernate.type.descriptor.sql.BasicBinder@http-nio-8080-exec-2] binding parameter [1] as [VARCHAR] - [anonymous] 
2022-02-08 19:53:55.521 ERROR [org.apache.catalina.core.ContainerBase.[Tomcat].[localhost].[/hello-world-22.0].[jsp]@http-nio-8080-exec-2] Servlet.service() for servlet [jsp] threw exception at acme.framework.services.AuthenticationService.loadUserByUsername(AuthenticationService.java:51): anonymous
2022-02-08 19:53:55.526 DEBUG [acme.framework.components.tiles.DynamicTilesView@http-nio-8080-exec-4] View name 'master/sign-in', model {username=, password=, remember=false} 
2022-02-08 19:53:55.526 DEBUG [org.apache.jasper.servlet.JspServlet@http-nio-8080-exec-4] JspEngine --> /WEB-INF/views/master/page.jsp 
2022-02-08 19:53:55.527 DEBUG [org.apache.jasper.servlet.JspServlet@http-nio-8080-exec-4] ServletPath: /WEB-INF/views/master/page.jsp 
2022-02-08 19:53:55.527 DEBUG [org.apache.jasper.servlet.JspServlet@http-nio-8080-exec-4] PathInfo: null 
2022-02-08 19:53:55.527 DEBUG [org.apache.jasper.servlet.JspServlet@http-nio-8080-exec-4] RealPath: C:\Users\jesus\Workspace-22.0\Starters\Hello-World-22.0\target\classes\WEB-INF\views\master\page.jsp 
2022-02-08 19:53:55.527 DEBUG [org.apache.jasper.servlet.JspServlet@http-nio-8080-exec-4] RequestURI: /hello-world-22.0/WEB-INF/views/master/page.jsp 
2022-02-08 19:53:55.527 DEBUG [org.apache.jasper.servlet.JspServlet@http-nio-8080-exec-4] QueryString: null 
2022-02-08 19:53:55.558 DEBUG [org.apache.jasper.servlet.JspServlet@http-nio-8080-exec-4] JspEngine --> /WEB-INF/views/master/sign-in.jsp 
2022-02-08 19:53:55.559 DEBUG [org.apache.jasper.servlet.JspServlet@http-nio-8080-exec-4] ServletPath: /WEB-INF/views/master/page.jsp 
2022-02-08 19:53:55.559 DEBUG [org.apache.jasper.servlet.JspServlet@http-nio-8080-exec-4] PathInfo: null 
2022-02-08 19:53:55.559 DEBUG [org.apache.jasper.servlet.JspServlet@http-nio-8080-exec-4] RealPath: C:\Users\jesus\Workspace-22.0\Starters\Hello-World-22.0\target\classes\WEB-INF\views\master\sign-in.jsp 
2022-02-08 19:53:55.559 DEBUG [org.apache.jasper.servlet.JspServlet@http-nio-8080-exec-4] RequestURI: /hello-world-22.0/WEB-INF/views/master/page.jsp 
2022-02-08 19:53:55.559 DEBUG [org.apache.jasper.servlet.JspServlet@http-nio-8080-exec-4] QueryString: null 
2022-02-08 19:53:55.626 DEBUG [org.hibernate.SQL@http-nio-8080-exec-4] select useraccoun0_.id as id1_0_, useraccoun0_.version as version2_0_, useraccoun0_.enabled as enabled1_6_, useraccoun0_.identity_email as identity2_6_, useraccoun0_.identity_name as identity3_6_, useraccoun0_.identity_surname as identity4_6_, useraccoun0_.password as password5_6_, useraccoun0_.username as username6_6_ from user_account useraccoun0_ where useraccoun0_.username=? 
2022-02-08 19:53:55.627 TRACE [org.hibernate.type.descriptor.sql.BasicBinder@http-nio-8080-exec-4] binding parameter [1] as [VARCHAR] - [anonymous] 
2022-02-08 19:53:55.628 ERROR [org.apache.catalina.core.ContainerBase.[Tomcat].[localhost].[/hello-world-22.0].[jsp]@http-nio-8080-exec-4] Servlet.service() for servlet [jsp] threw exception at acme.framework.services.AuthenticationService.loadUserByUsername(AuthenticationService.java:51): anonymous
2022-02-08 19:53:55.632 DEBUG [acme.framework.components.tiles.DynamicTilesView@http-nio-8080-exec-5] View name 'master/sign-in', model {username=, password=, remember=false} 
2022-02-08 19:53:55.632 DEBUG [org.apache.jasper.servlet.JspServlet@http-nio-8080-exec-5] JspEngine --> /WEB-INF/views/master/page.jsp 
2022-02-08 19:53:55.633 DEBUG [org.apache.jasper.servlet.JspServlet@http-nio-8080-exec-5] ServletPath: /WEB-INF/views/master/page.jsp 
2022-02-08 19:53:55.633 DEBUG [org.apache.jasper.servlet.JspServlet@http-nio-8080-exec-5] PathInfo: null 
2022-02-08 19:53:55.633 DEBUG [org.apache.jasper.servlet.JspServlet@http-nio-8080-exec-5] RealPath: C:\Users\jesus\Workspace-22.0\Starters\Hello-World-22.0\target\classes\WEB-INF\views\master\page.jsp 
2022-02-08 19:53:55.633 DEBUG [org.apache.jasper.servlet.JspServlet@http-nio-8080-exec-5] RequestURI: /hello-world-22.0/WEB-INF/views/master/page.jsp 
2022-02-08 19:53:55.633 DEBUG [org.apache.jasper.servlet.JspServlet@http-nio-8080-exec-5] QueryString: null 
2022-02-08 19:53:55.668 DEBUG [org.apache.jasper.servlet.JspServlet@http-nio-8080-exec-5] JspEngine --> /WEB-INF/views/master/sign-in.jsp 
2022-02-08 19:53:55.668 DEBUG [org.apache.jasper.servlet.JspServlet@http-nio-8080-exec-5] ServletPath: /WEB-INF/views/master/page.jsp 
2022-02-08 19:53:55.668 DEBUG [org.apache.jasper.servlet.JspServlet@http-nio-8080-exec-5] PathInfo: null 
2022-02-08 19:53:55.669 DEBUG [org.apache.jasper.servlet.JspServlet@http-nio-8080-exec-5] RealPath: C:\Users\jesus\Workspace-22.0\Starters\Hello-World-22.0\target\classes\WEB-INF\views\master\sign-in.jsp 
2022-02-08 19:53:55.669 DEBUG [org.apache.jasper.servlet.JspServlet@http-nio-8080-exec-5] RequestURI: /hello-world-22.0/WEB-INF/views/master/page.jsp 
2022-02-08 19:53:55.669 DEBUG [org.apache.jasper.servlet.JspServlet@http-nio-8080-exec-5] QueryString: null 
2022-02-08 19:53:55.728 DEBUG [org.hibernate.SQL@http-nio-8080-exec-5] select useraccoun0_.id as id1_0_, useraccoun0_.version as version2_0_, useraccoun0_.enabled as enabled1_6_, useraccoun0_.identity_email as identity2_6_, useraccoun0_.identity_name as identity3_6_, useraccoun0_.identity_surname as identity4_6_, useraccoun0_.password as password5_6_, useraccoun0_.username as username6_6_ from user_account useraccoun0_ where useraccoun0_.username=? 
2022-02-08 19:53:55.728 TRACE [org.hibernate.type.descriptor.sql.BasicBinder@http-nio-8080-exec-5] binding parameter [1] as [VARCHAR] - [anonymous] 
2022-02-08 19:53:55.730 ERROR [org.apache.catalina.core.ContainerBase.[Tomcat].[localhost].[/hello-world-22.0].[jsp]@http-nio-8080-exec-5] Servlet.service() for servlet [jsp] threw exception at acme.framework.services.AuthenticationService.loadUserByUsername(AuthenticationService.java:51): anonymous
2022-02-08 19:53:55.735 DEBUG [acme.framework.components.tiles.DynamicTilesView@http-nio-8080-exec-6] View name 'master/sign-in', model {username=, password=, remember=false} 
2022-02-08 19:53:55.736 DEBUG [org.apache.jasper.servlet.JspServlet@http-nio-8080-exec-6] JspEngine --> /WEB-INF/views/master/page.jsp 
2022-02-08 19:53:55.736 DEBUG [org.apache.jasper.servlet.JspServlet@http-nio-8080-exec-6] ServletPath: /WEB-INF/views/master/page.jsp 
2022-02-08 19:53:55.736 DEBUG [org.apache.jasper.servlet.JspServlet@http-nio-8080-exec-6] PathInfo: null 
2022-02-08 19:53:55.736 DEBUG [org.apache.jasper.servlet.JspServlet@http-nio-8080-exec-6] RealPath: C:\Users\jesus\Workspace-22.0\Starters\Hello-World-22.0\target\classes\WEB-INF\views\master\page.jsp 
2022-02-08 19:53:55.736 DEBUG [org.apache.jasper.servlet.JspServlet@http-nio-8080-exec-6] RequestURI: /hello-world-22.0/WEB-INF/views/master/page.jsp 
2022-02-08 19:53:55.736 DEBUG [org.apache.jasper.servlet.JspServlet@http-nio-8080-exec-6] QueryString: null 
2022-02-08 19:53:55.771 DEBUG [org.apache.jasper.servlet.JspServlet@http-nio-8080-exec-6] JspEngine --> /WEB-INF/views/master/sign-in.jsp 
2022-02-08 19:53:55.771 DEBUG [org.apache.jasper.servlet.JspServlet@http-nio-8080-exec-6] ServletPath: /WEB-INF/views/master/page.jsp 
2022-02-08 19:53:55.771 DEBUG [org.apache.jasper.servlet.JspServlet@http-nio-8080-exec-6] PathInfo: null 
2022-02-08 19:53:55.771 DEBUG [org.apache.jasper.servlet.JspServlet@http-nio-8080-exec-6] RealPath: C:\Users\jesus\Workspace-22.0\Starters\Hello-World-22.0\target\classes\WEB-INF\views\master\sign-in.jsp 
2022-02-08 19:53:55.771 DEBUG [org.apache.jasper.servlet.JspServlet@http-nio-8080-exec-6] RequestURI: /hello-world-22.0/WEB-INF/views/master/page.jsp 
2022-02-08 19:53:55.772 DEBUG [org.apache.jasper.servlet.JspServlet@http-nio-8080-exec-6] QueryString: null 
2022-02-08 19:53:55.831 DEBUG [org.hibernate.SQL@http-nio-8080-exec-6] select useraccoun0_.id as id1_0_, useraccoun0_.version as version2_0_, useraccoun0_.enabled as enabled1_6_, useraccoun0_.identity_email as identity2_6_, useraccoun0_.identity_name as identity3_6_, useraccoun0_.identity_surname as identity4_6_, useraccoun0_.password as password5_6_, useraccoun0_.username as username6_6_ from user_account useraccoun0_ where useraccoun0_.username=? 
2022-02-08 19:53:55.832 TRACE [org.hibernate.type.descriptor.sql.BasicBinder@http-nio-8080-exec-6] binding parameter [1] as [VARCHAR] - [anonymous] 
2022-02-08 19:53:55.833 ERROR [org.apache.catalina.core.ContainerBase.[Tomcat].[localhost].[/hello-world-22.0].[jsp]@http-nio-8080-exec-6] Servlet.service() for servlet [jsp] threw exception at acme.framework.services.AuthenticationService.loadUserByUsername(AuthenticationService.java:51): anonymous
2022-02-08 19:53:55.837 DEBUG [acme.framework.components.tiles.DynamicTilesView@http-nio-8080-exec-7] View name 'master/sign-in', model {username=, password=, remember=false} 
2022-02-08 19:53:55.837 DEBUG [org.apache.jasper.servlet.JspServlet@http-nio-8080-exec-7] JspEngine --> /WEB-INF/views/master/page.jsp 
2022-02-08 19:53:55.838 DEBUG [org.apache.jasper.servlet.JspServlet@http-nio-8080-exec-7] ServletPath: /WEB-INF/views/master/page.jsp 
2022-02-08 19:53:55.838 DEBUG [org.apache.jasper.servlet.JspServlet@http-nio-8080-exec-7] PathInfo: null 
2022-02-08 19:53:55.838 DEBUG [org.apache.jasper.servlet.JspServlet@http-nio-8080-exec-7] RealPath: C:\Users\jesus\Workspace-22.0\Starters\Hello-World-22.0\target\classes\WEB-INF\views\master\page.jsp 
2022-02-08 19:53:55.838 DEBUG [org.apache.jasper.servlet.JspServlet@http-nio-8080-exec-7] RequestURI: /hello-world-22.0/WEB-INF/views/master/page.jsp 
2022-02-08 19:53:55.838 DEBUG [org.apache.jasper.servlet.JspServlet@http-nio-8080-exec-7] QueryString: null 
2022-02-08 19:53:55.870 DEBUG [org.apache.jasper.servlet.JspServlet@http-nio-8080-exec-7] JspEngine --> /WEB-INF/views/master/sign-in.jsp 
2022-02-08 19:53:55.870 DEBUG [org.apache.jasper.servlet.JspServlet@http-nio-8080-exec-7] ServletPath: /WEB-INF/views/master/page.jsp 
2022-02-08 19:53:55.870 DEBUG [org.apache.jasper.servlet.JspServlet@http-nio-8080-exec-7] PathInfo: null 
2022-02-08 19:53:55.871 DEBUG [org.apache.jasper.servlet.JspServlet@http-nio-8080-exec-7] RealPath: C:\Users\jesus\Workspace-22.0\Starters\Hello-World-22.0\target\classes\WEB-INF\views\master\sign-in.jsp 
2022-02-08 19:53:55.871 DEBUG [org.apache.jasper.servlet.JspServlet@http-nio-8080-exec-7] RequestURI: /hello-world-22.0/WEB-INF/views/master/page.jsp 
2022-02-08 19:53:55.871 DEBUG [org.apache.jasper.servlet.JspServlet@http-nio-8080-exec-7] QueryString: null 
2022-02-08 19:53:55.958 DEBUG [org.hibernate.SQL@http-nio-8080-exec-7] select useraccoun0_.id as id1_0_, useraccoun0_.version as version2_0_, useraccoun0_.enabled as enabled1_6_, useraccoun0_.identity_email as identity2_6_, useraccoun0_.identity_name as identity3_6_, useraccoun0_.identity_surname as identity4_6_, useraccoun0_.password as password5_6_, useraccoun0_.username as username6_6_ from user_account useraccoun0_ where useraccoun0_.username=? 
2022-02-08 19:53:55.958 TRACE [org.hibernate.type.descriptor.sql.BasicBinder@http-nio-8080-exec-7] binding parameter [1] as [VARCHAR] - [anonymous] 
2022-02-08 19:53:55.960 ERROR [org.apache.catalina.core.ContainerBase.[Tomcat].[localhost].[/hello-world-22.0].[jsp]@http-nio-8080-exec-7] Servlet.service() for servlet [jsp] threw exception at acme.framework.services.AuthenticationService.loadUserByUsername(AuthenticationService.java:51): anonymous
2022-02-08 19:53:55.964 DEBUG [acme.framework.components.tiles.DynamicTilesView@http-nio-8080-exec-8] View name 'master/sign-in', model {username=, password=, remember=false} 
2022-02-08 19:53:55.965 DEBUG [org.apache.jasper.servlet.JspServlet@http-nio-8080-exec-8] JspEngine --> /WEB-INF/views/master/page.jsp 
2022-02-08 19:53:55.965 DEBUG [org.apache.jasper.servlet.JspServlet@http-nio-8080-exec-8] ServletPath: /WEB-INF/views/master/page.jsp 
2022-02-08 19:53:55.965 DEBUG [org.apache.jasper.servlet.JspServlet@http-nio-8080-exec-8] PathInfo: null 
2022-02-08 19:53:55.965 DEBUG [org.apache.jasper.servlet.JspServlet@http-nio-8080-exec-8] RealPath: C:\Users\jesus\Workspace-22.0\Starters\Hello-World-22.0\target\classes\WEB-INF\views\master\page.jsp 
2022-02-08 19:53:55.965 DEBUG [org.apache.jasper.servlet.JspServlet@http-nio-8080-exec-8] RequestURI: /hello-world-22.0/WEB-INF/views/master/page.jsp 
2022-02-08 19:53:55.965 DEBUG [org.apache.jasper.servlet.JspServlet@http-nio-8080-exec-8] QueryString: null 
2022-02-08 19:53:56.007 DEBUG [org.apache.jasper.servlet.JspServlet@http-nio-8080-exec-8] JspEngine --> /WEB-INF/views/master/sign-in.jsp 
2022-02-08 19:53:56.007 DEBUG [org.apache.jasper.servlet.JspServlet@http-nio-8080-exec-8] ServletPath: /WEB-INF/views/master/page.jsp 
2022-02-08 19:53:56.007 DEBUG [org.apache.jasper.servlet.JspServlet@http-nio-8080-exec-8] PathInfo: null 
2022-02-08 19:53:56.007 DEBUG [org.apache.jasper.servlet.JspServlet@http-nio-8080-exec-8] RealPath: C:\Users\jesus\Workspace-22.0\Starters\Hello-World-22.0\target\classes\WEB-INF\views\master\sign-in.jsp 
2022-02-08 19:53:56.007 DEBUG [org.apache.jasper.servlet.JspServlet@http-nio-8080-exec-8] RequestURI: /hello-world-22.0/WEB-INF/views/master/page.jsp 
2022-02-08 19:53:56.007 DEBUG [org.apache.jasper.servlet.JspServlet@http-nio-8080-exec-8] QueryString: null 
2022-02-08 19:53:56.090 DEBUG [org.hibernate.SQL@http-nio-8080-exec-8] select useraccoun0_.id as id1_0_, useraccoun0_.version as version2_0_, useraccoun0_.enabled as enabled1_6_, useraccoun0_.identity_email as identity2_6_, useraccoun0_.identity_name as identity3_6_, useraccoun0_.identity_surname as identity4_6_, useraccoun0_.password as password5_6_, useraccoun0_.username as username6_6_ from user_account useraccoun0_ where useraccoun0_.username=? 
2022-02-08 19:53:56.090 TRACE [org.hibernate.type.descriptor.sql.BasicBinder@http-nio-8080-exec-8] binding parameter [1] as [VARCHAR] - [anonymous] 
2022-02-08 19:53:56.092 ERROR [org.apache.catalina.core.ContainerBase.[Tomcat].[localhost].[/hello-world-22.0].[jsp]@http-nio-8080-exec-8] Servlet.service() for servlet [jsp] threw exception at acme.framework.services.AuthenticationService.loadUserByUsername(AuthenticationService.java:51): anonymous
2022-02-08 19:53:56.096 DEBUG [acme.framework.components.tiles.DynamicTilesView@http-nio-8080-exec-10] View name 'master/sign-in', model {username=, password=, remember=false} 
2022-02-08 19:53:56.097 DEBUG [org.apache.jasper.servlet.JspServlet@http-nio-8080-exec-10] JspEngine --> /WEB-INF/views/master/page.jsp 
2022-02-08 19:53:56.097 DEBUG [org.apache.jasper.servlet.JspServlet@http-nio-8080-exec-10] ServletPath: /WEB-INF/views/master/page.jsp 
2022-02-08 19:53:56.097 DEBUG [org.apache.jasper.servlet.JspServlet@http-nio-8080-exec-10] PathInfo: null 
2022-02-08 19:53:56.097 DEBUG [org.apache.jasper.servlet.JspServlet@http-nio-8080-exec-10] RealPath: C:\Users\jesus\Workspace-22.0\Starters\Hello-World-22.0\target\classes\WEB-INF\views\master\page.jsp 
2022-02-08 19:53:56.098 DEBUG [org.apache.jasper.servlet.JspServlet@http-nio-8080-exec-10] RequestURI: /hello-world-22.0/WEB-INF/views/master/page.jsp 
2022-02-08 19:53:56.098 DEBUG [org.apache.jasper.servlet.JspServlet@http-nio-8080-exec-10] QueryString: null 
2022-02-08 19:53:56.130 DEBUG [org.apache.jasper.servlet.JspServlet@http-nio-8080-exec-10] JspEngine --> /WEB-INF/views/master/sign-in.jsp 
2022-02-08 19:53:56.130 DEBUG [org.apache.jasper.servlet.JspServlet@http-nio-8080-exec-10] ServletPath: /WEB-INF/views/master/page.jsp 
2022-02-08 19:53:56.130 DEBUG [org.apache.jasper.servlet.JspServlet@http-nio-8080-exec-10] PathInfo: null 
2022-02-08 19:53:56.131 DEBUG [org.apache.jasper.servlet.JspServlet@http-nio-8080-exec-10] RealPath: C:\Users\jesus\Workspace-22.0\Starters\Hello-World-22.0\target\classes\WEB-INF\views\master\sign-in.jsp 
2022-02-08 19:53:56.131 DEBUG [org.apache.jasper.servlet.JspServlet@http-nio-8080-exec-10] RequestURI: /hello-world-22.0/WEB-INF/views/master/page.jsp 
2022-02-08 19:53:56.131 DEBUG [org.apache.jasper.servlet.JspServlet@http-nio-8080-exec-10] QueryString: null 
2022-02-08 19:53:56.219 DEBUG [org.hibernate.SQL@http-nio-8080-exec-10] select useraccoun0_.id as id1_0_, useraccoun0_.version as version2_0_, useraccoun0_.enabled as enabled1_6_, useraccoun0_.identity_email as identity2_6_, useraccoun0_.identity_name as identity3_6_, useraccoun0_.identity_surname as identity4_6_, useraccoun0_.password as password5_6_, useraccoun0_.username as username6_6_ from user_account useraccoun0_ where useraccoun0_.username=? 
2022-02-08 19:53:56.219 TRACE [org.hibernate.type.descriptor.sql.BasicBinder@http-nio-8080-exec-10] binding parameter [1] as [VARCHAR] - [anonymous] 
2022-02-08 19:53:56.221 ERROR [org.apache.catalina.core.ContainerBase.[Tomcat].[localhost].[/hello-world-22.0].[jsp]@http-nio-8080-exec-10] Servlet.service() for servlet [jsp] threw exception at acme.framework.services.AuthenticationService.loadUserByUsername(AuthenticationService.java:51): anonymous
2022-02-08 19:53:56.225 DEBUG [acme.framework.components.tiles.DynamicTilesView@http-nio-8080-exec-9] View name 'master/sign-in', model {username=, password=, remember=false} 
2022-02-08 19:53:56.226 DEBUG [org.apache.jasper.servlet.JspServlet@http-nio-8080-exec-9] JspEngine --> /WEB-INF/views/master/page.jsp 
2022-02-08 19:53:56.226 DEBUG [org.apache.jasper.servlet.JspServlet@http-nio-8080-exec-9] ServletPath: /WEB-INF/views/master/page.jsp 
2022-02-08 19:53:56.226 DEBUG [org.apache.jasper.servlet.JspServlet@http-nio-8080-exec-9] PathInfo: null 
2022-02-08 19:53:56.227 DEBUG [org.apache.jasper.servlet.JspServlet@http-nio-8080-exec-9] RealPath: C:\Users\jesus\Workspace-22.0\Starters\Hello-World-22.0\target\classes\WEB-INF\views\master\page.jsp 
2022-02-08 19:53:56.227 DEBUG [org.apache.jasper.servlet.JspServlet@http-nio-8080-exec-9] RequestURI: /hello-world-22.0/WEB-INF/views/master/page.jsp 
2022-02-08 19:53:56.227 DEBUG [org.apache.jasper.servlet.JspServlet@http-nio-8080-exec-9] QueryString: null 
2022-02-08 19:53:56.273 DEBUG [org.apache.jasper.servlet.JspServlet@http-nio-8080-exec-9] JspEngine --> /WEB-INF/views/master/sign-in.jsp 
2022-02-08 19:53:56.273 DEBUG [org.apache.jasper.servlet.JspServlet@http-nio-8080-exec-9] ServletPath: /WEB-INF/views/master/page.jsp 
2022-02-08 19:53:56.274 DEBUG [org.apache.jasper.servlet.JspServlet@http-nio-8080-exec-9] PathInfo: null 
2022-02-08 19:53:56.274 DEBUG [org.apache.jasper.servlet.JspServlet@http-nio-8080-exec-9] RealPath: C:\Users\jesus\Workspace-22.0\Starters\Hello-World-22.0\target\classes\WEB-INF\views\master\sign-in.jsp 
2022-02-08 19:53:56.274 DEBUG [org.apache.jasper.servlet.JspServlet@http-nio-8080-exec-9] RequestURI: /hello-world-22.0/WEB-INF/views/master/page.jsp 
2022-02-08 19:53:56.274 DEBUG [org.apache.jasper.servlet.JspServlet@http-nio-8080-exec-9] QueryString: null 
2022-02-08 19:53:56.344 DEBUG [org.hibernate.SQL@http-nio-8080-exec-9] select useraccoun0_.id as id1_0_, useraccoun0_.version as version2_0_, useraccoun0_.enabled as enabled1_6_, useraccoun0_.identity_email as identity2_6_, useraccoun0_.identity_name as identity3_6_, useraccoun0_.identity_surname as identity4_6_, useraccoun0_.password as password5_6_, useraccoun0_.username as username6_6_ from user_account useraccoun0_ where useraccoun0_.username=? 
2022-02-08 19:53:56.345 TRACE [org.hibernate.type.descriptor.sql.BasicBinder@http-nio-8080-exec-9] binding parameter [1] as [VARCHAR] - [anonymous] 
2022-02-08 19:53:56.346 ERROR [org.apache.catalina.core.ContainerBase.[Tomcat].[localhost].[/hello-world-22.0].[jsp]@http-nio-8080-exec-9] Servlet.service() for servlet [jsp] threw exception at acme.framework.services.AuthenticationService.loadUserByUsername(AuthenticationService.java:51): anonymous
2022-02-08 19:53:56.349 DEBUG [acme.framework.components.tiles.DynamicTilesView@http-nio-8080-exec-1] View name 'master/sign-in', model {username=, password=, remember=false} 
2022-02-08 19:53:56.350 DEBUG [org.apache.jasper.servlet.JspServlet@http-nio-8080-exec-1] JspEngine --> /WEB-INF/views/master/page.jsp 
2022-02-08 19:53:56.350 DEBUG [org.apache.jasper.servlet.JspServlet@http-nio-8080-exec-1] ServletPath: /WEB-INF/views/master/page.jsp 
2022-02-08 19:53:56.350 DEBUG [org.apache.jasper.servlet.JspServlet@http-nio-8080-exec-1] PathInfo: null 
2022-02-08 19:53:56.350 DEBUG [org.apache.jasper.servlet.JspServlet@http-nio-8080-exec-1] RealPath: C:\Users\jesus\Workspace-22.0\Starters\Hello-World-22.0\target\classes\WEB-INF\views\master\page.jsp 
2022-02-08 19:53:56.351 DEBUG [org.apache.jasper.servlet.JspServlet@http-nio-8080-exec-1] RequestURI: /hello-world-22.0/WEB-INF/views/master/page.jsp 
2022-02-08 19:53:56.351 DEBUG [org.apache.jasper.servlet.JspServlet@http-nio-8080-exec-1] QueryString: null 
2022-02-08 19:53:56.387 DEBUG [org.apache.jasper.servlet.JspServlet@http-nio-8080-exec-1] JspEngine --> /WEB-INF/views/master/sign-in.jsp 
2022-02-08 19:53:56.388 DEBUG [org.apache.jasper.servlet.JspServlet@http-nio-8080-exec-1] ServletPath: /WEB-INF/views/master/page.jsp 
2022-02-08 19:53:56.388 DEBUG [org.apache.jasper.servlet.JspServlet@http-nio-8080-exec-1] PathInfo: null 
2022-02-08 19:53:56.388 DEBUG [org.apache.jasper.servlet.JspServlet@http-nio-8080-exec-1] RealPath: C:\Users\jesus\Workspace-22.0\Starters\Hello-World-22.0\target\classes\WEB-INF\views\master\sign-in.jsp 
2022-02-08 19:53:56.388 DEBUG [org.apache.jasper.servlet.JspServlet@http-nio-8080-exec-1] RequestURI: /hello-world-22.0/WEB-INF/views/master/page.jsp 
2022-02-08 19:53:56.388 DEBUG [org.apache.jasper.servlet.JspServlet@http-nio-8080-exec-1] QueryString: null 
2022-02-08 19:53:56.476 DEBUG [org.hibernate.SQL@http-nio-8080-exec-1] select useraccoun0_.id as id1_0_, useraccoun0_.version as version2_0_, useraccoun0_.enabled as enabled1_6_, useraccoun0_.identity_email as identity2_6_, useraccoun0_.identity_name as identity3_6_, useraccoun0_.identity_surname as identity4_6_, useraccoun0_.password as password5_6_, useraccoun0_.username as username6_6_ from user_account useraccoun0_ where useraccoun0_.username=? 
2022-02-08 19:53:56.476 TRACE [org.hibernate.type.descriptor.sql.BasicBinder@http-nio-8080-exec-1] binding parameter [1] as [VARCHAR] - [anonymous] 
2022-02-08 19:53:56.478 ERROR [org.apache.catalina.core.ContainerBase.[Tomcat].[localhost].[/hello-world-22.0].[jsp]@http-nio-8080-exec-1] Servlet.service() for servlet [jsp] threw exception at acme.framework.services.AuthenticationService.loadUserByUsername(AuthenticationService.java:51): anonymous
2022-02-08 19:53:56.482 DEBUG [acme.framework.components.tiles.DynamicTilesView@http-nio-8080-exec-3] View name 'master/sign-in', model {username=, password=, remember=false} 
2022-02-08 19:53:56.483 DEBUG [org.apache.jasper.servlet.JspServlet@http-nio-8080-exec-3] JspEngine --> /WEB-INF/views/master/page.jsp 
2022-02-08 19:53:56.483 DEBUG [org.apache.jasper.servlet.JspServlet@http-nio-8080-exec-3] ServletPath: /WEB-INF/views/master/page.jsp 
2022-02-08 19:53:56.483 DEBUG [org.apache.jasper.servlet.JspServlet@http-nio-8080-exec-3] PathInfo: null 
2022-02-08 19:53:56.483 DEBUG [org.apache.jasper.servlet.JspServlet@http-nio-8080-exec-3] RealPath: C:\Users\jesus\Workspace-22.0\Starters\Hello-World-22.0\target\classes\WEB-INF\views\master\page.jsp 
2022-02-08 19:53:56.484 DEBUG [org.apache.jasper.servlet.JspServlet@http-nio-8080-exec-3] RequestURI: /hello-world-22.0/WEB-INF/views/master/page.jsp 
2022-02-08 19:53:56.484 DEBUG [org.apache.jasper.servlet.JspServlet@http-nio-8080-exec-3] QueryString: null 
2022-02-08 19:53:56.524 DEBUG [org.apache.jasper.servlet.JspServlet@http-nio-8080-exec-3] JspEngine --> /WEB-INF/views/master/sign-in.jsp 
2022-02-08 19:53:56.524 DEBUG [org.apache.jasper.servlet.JspServlet@http-nio-8080-exec-3] ServletPath: /WEB-INF/views/master/page.jsp 
2022-02-08 19:53:56.524 DEBUG [org.apache.jasper.servlet.JspServlet@http-nio-8080-exec-3] PathInfo: null 
2022-02-08 19:53:56.525 DEBUG [org.apache.jasper.servlet.JspServlet@http-nio-8080-exec-3] RealPath: C:\Users\jesus\Workspace-22.0\Starters\Hello-World-22.0\target\classes\WEB-INF\views\master\sign-in.jsp 
2022-02-08 19:53:56.525 DEBUG [org.apache.jasper.servlet.JspServlet@http-nio-8080-exec-3] RequestURI: /hello-world-22.0/WEB-INF/views/master/page.jsp 
2022-02-08 19:53:56.525 DEBUG [org.apache.jasper.servlet.JspServlet@http-nio-8080-exec-3] QueryString: null 
2022-02-08 19:53:56.597 DEBUG [org.hibernate.SQL@http-nio-8080-exec-3] select useraccoun0_.id as id1_0_, useraccoun0_.version as version2_0_, useraccoun0_.enabled as enabled1_6_, useraccoun0_.identity_email as identity2_6_, useraccoun0_.identity_name as identity3_6_, useraccoun0_.identity_surname as identity4_6_, useraccoun0_.password as password5_6_, useraccoun0_.username as username6_6_ from user_account useraccoun0_ where useraccoun0_.username=? 
2022-02-08 19:53:56.597 TRACE [org.hibernate.type.descriptor.sql.BasicBinder@http-nio-8080-exec-3] binding parameter [1] as [VARCHAR] - [anonymous] 
2022-02-08 19:53:56.599 ERROR [org.apache.catalina.core.ContainerBase.[Tomcat].[localhost].[/hello-world-22.0].[jsp]@http-nio-8080-exec-3] Servlet.service() for servlet [jsp] threw exception at acme.framework.services.AuthenticationService.loadUserByUsername(AuthenticationService.java:51): anonymous
2022-02-08 19:53:56.603 DEBUG [acme.framework.components.tiles.DynamicTilesView@http-nio-8080-exec-2] View name 'master/sign-in', model {username=, password=, remember=false} 
2022-02-08 19:53:56.603 DEBUG [org.apache.jasper.servlet.JspServlet@http-nio-8080-exec-2] JspEngine --> /WEB-INF/views/master/page.jsp 
2022-02-08 19:53:56.603 DEBUG [org.apache.jasper.servlet.JspServlet@http-nio-8080-exec-2] ServletPath: /WEB-INF/views/master/page.jsp 
2022-02-08 19:53:56.603 DEBUG [org.apache.jasper.servlet.JspServlet@http-nio-8080-exec-2] PathInfo: null 
2022-02-08 19:53:56.604 DEBUG [org.apache.jasper.servlet.JspServlet@http-nio-8080-exec-2] RealPath: C:\Users\jesus\Workspace-22.0\Starters\Hello-World-22.0\target\classes\WEB-INF\views\master\page.jsp 
2022-02-08 19:53:56.604 DEBUG [org.apache.jasper.servlet.JspServlet@http-nio-8080-exec-2] RequestURI: /hello-world-22.0/WEB-INF/views/master/page.jsp 
2022-02-08 19:53:56.604 DEBUG [org.apache.jasper.servlet.JspServlet@http-nio-8080-exec-2] QueryString: null 
2022-02-08 19:53:56.634 DEBUG [org.apache.jasper.servlet.JspServlet@http-nio-8080-exec-2] JspEngine --> /WEB-INF/views/master/sign-in.jsp 
2022-02-08 19:53:56.635 DEBUG [org.apache.jasper.servlet.JspServlet@http-nio-8080-exec-2] ServletPath: /WEB-INF/views/master/page.jsp 
2022-02-08 19:53:56.635 DEBUG [org.apache.jasper.servlet.JspServlet@http-nio-8080-exec-2] PathInfo: null 
2022-02-08 19:53:56.635 DEBUG [org.apache.jasper.servlet.JspServlet@http-nio-8080-exec-2] RealPath: C:\Users\jesus\Workspace-22.0\Starters\Hello-World-22.0\target\classes\WEB-INF\views\master\sign-in.jsp 
2022-02-08 19:53:56.635 DEBUG [org.apache.jasper.servlet.JspServlet@http-nio-8080-exec-2] RequestURI: /hello-world-22.0/WEB-INF/views/master/page.jsp 
2022-02-08 19:53:56.635 DEBUG [org.apache.jasper.servlet.JspServlet@http-nio-8080-exec-2] QueryString: null 
2022-02-08 19:53:56.715 DEBUG [org.hibernate.SQL@http-nio-8080-exec-2] select useraccoun0_.id as id1_0_, useraccoun0_.version as version2_0_, useraccoun0_.enabled as enabled1_6_, useraccoun0_.identity_email as identity2_6_, useraccoun0_.identity_name as identity3_6_, useraccoun0_.identity_surname as identity4_6_, useraccoun0_.password as password5_6_, useraccoun0_.username as username6_6_ from user_account useraccoun0_ where useraccoun0_.username=? 
2022-02-08 19:53:56.715 TRACE [org.hibernate.type.descriptor.sql.BasicBinder@http-nio-8080-exec-2] binding parameter [1] as [VARCHAR] - [anonymous] 
2022-02-08 19:53:56.718 ERROR [org.apache.catalina.core.ContainerBase.[Tomcat].[localhost].[/hello-world-22.0].[jsp]@http-nio-8080-exec-2] Servlet.service() for servlet [jsp] threw exception at acme.framework.services.AuthenticationService.loadUserByUsername(AuthenticationService.java:51): anonymous
2022-02-08 19:53:56.721 DEBUG [acme.framework.components.tiles.DynamicTilesView@http-nio-8080-exec-4] View name 'master/sign-in', model {username=, password=, remember=false} 
2022-02-08 19:53:56.722 DEBUG [org.apache.jasper.servlet.JspServlet@http-nio-8080-exec-4] JspEngine --> /WEB-INF/views/master/page.jsp 
2022-02-08 19:53:56.722 DEBUG [org.apache.jasper.servlet.JspServlet@http-nio-8080-exec-4] ServletPath: /WEB-INF/views/master/page.jsp 
2022-02-08 19:53:56.722 DEBUG [org.apache.jasper.servlet.JspServlet@http-nio-8080-exec-4] PathInfo: null 
2022-02-08 19:53:56.722 DEBUG [org.apache.jasper.servlet.JspServlet@http-nio-8080-exec-4] RealPath: C:\Users\jesus\Workspace-22.0\Starters\Hello-World-22.0\target\classes\WEB-INF\views\master\page.jsp 
2022-02-08 19:53:56.723 DEBUG [org.apache.jasper.servlet.JspServlet@http-nio-8080-exec-4] RequestURI: /hello-world-22.0/WEB-INF/views/master/page.jsp 
2022-02-08 19:53:56.723 DEBUG [org.apache.jasper.servlet.JspServlet@http-nio-8080-exec-4] QueryString: null 
2022-02-08 19:53:56.758 DEBUG [org.apache.jasper.servlet.JspServlet@http-nio-8080-exec-4] JspEngine --> /WEB-INF/views/master/sign-in.jsp 
2022-02-08 19:53:56.758 DEBUG [org.apache.jasper.servlet.JspServlet@http-nio-8080-exec-4] ServletPath: /WEB-INF/views/master/page.jsp 
2022-02-08 19:53:56.758 DEBUG [org.apache.jasper.servlet.JspServlet@http-nio-8080-exec-4] PathInfo: null 
2022-02-08 19:53:56.759 DEBUG [org.apache.jasper.servlet.JspServlet@http-nio-8080-exec-4] RealPath: C:\Users\jesus\Workspace-22.0\Starters\Hello-World-22.0\target\classes\WEB-INF\views\master\sign-in.jsp 
2022-02-08 19:53:56.759 DEBUG [org.apache.jasper.servlet.JspServlet@http-nio-8080-exec-4] RequestURI: /hello-world-22.0/WEB-INF/views/master/page.jsp 
2022-02-08 19:53:56.759 DEBUG [org.apache.jasper.servlet.JspServlet@http-nio-8080-exec-4] QueryString: null 
2022-02-08 19:53:56.843 DEBUG [org.hibernate.SQL@http-nio-8080-exec-4] select useraccoun0_.id as id1_0_, useraccoun0_.version as version2_0_, useraccoun0_.enabled as enabled1_6_, useraccoun0_.identity_email as identity2_6_, useraccoun0_.identity_name as identity3_6_, useraccoun0_.identity_surname as identity4_6_, useraccoun0_.password as password5_6_, useraccoun0_.username as username6_6_ from user_account useraccoun0_ where useraccoun0_.username=? 
2022-02-08 19:53:56.844 TRACE [org.hibernate.type.descriptor.sql.BasicBinder@http-nio-8080-exec-4] binding parameter [1] as [VARCHAR] - [anonymous] 
2022-02-08 19:53:56.845 ERROR [org.apache.catalina.core.ContainerBase.[Tomcat].[localhost].[/hello-world-22.0].[jsp]@http-nio-8080-exec-4] Servlet.service() for servlet [jsp] threw exception at acme.framework.services.AuthenticationService.loadUserByUsername(AuthenticationService.java:51): anonymous
2022-02-08 19:53:56.849 DEBUG [acme.framework.components.tiles.DynamicTilesView@http-nio-8080-exec-5] View name 'master/sign-in', model {username=, password=, remember=false} 
2022-02-08 19:53:56.849 DEBUG [org.apache.jasper.servlet.JspServlet@http-nio-8080-exec-5] JspEngine --> /WEB-INF/views/master/page.jsp 
2022-02-08 19:53:56.850 DEBUG [org.apache.jasper.servlet.JspServlet@http-nio-8080-exec-5] ServletPath: /WEB-INF/views/master/page.jsp 
2022-02-08 19:53:56.850 DEBUG [org.apache.jasper.servlet.JspServlet@http-nio-8080-exec-5] PathInfo: null 
2022-02-08 19:53:56.850 DEBUG [org.apache.jasper.servlet.JspServlet@http-nio-8080-exec-5] RealPath: C:\Users\jesus\Workspace-22.0\Starters\Hello-World-22.0\target\classes\WEB-INF\views\master\page.jsp 
2022-02-08 19:53:56.850 DEBUG [org.apache.jasper.servlet.JspServlet@http-nio-8080-exec-5] RequestURI: /hello-world-22.0/WEB-INF/views/master/page.jsp 
2022-02-08 19:53:56.850 DEBUG [org.apache.jasper.servlet.JspServlet@http-nio-8080-exec-5] QueryString: null 
2022-02-08 19:53:56.881 DEBUG [org.apache.jasper.servlet.JspServlet@http-nio-8080-exec-5] JspEngine --> /WEB-INF/views/master/sign-in.jsp 
2022-02-08 19:53:56.882 DEBUG [org.apache.jasper.servlet.JspServlet@http-nio-8080-exec-5] ServletPath: /WEB-INF/views/master/page.jsp 
2022-02-08 19:53:56.882 DEBUG [org.apache.jasper.servlet.JspServlet@http-nio-8080-exec-5] PathInfo: null 
2022-02-08 19:53:56.882 DEBUG [org.apache.jasper.servlet.JspServlet@http-nio-8080-exec-5] RealPath: C:\Users\jesus\Workspace-22.0\Starters\Hello-World-22.0\target\classes\WEB-INF\views\master\sign-in.jsp 
2022-02-08 19:53:56.882 DEBUG [org.apache.jasper.servlet.JspServlet@http-nio-8080-exec-5] RequestURI: /hello-world-22.0/WEB-INF/views/master/page.jsp 
2022-02-08 19:53:56.882 DEBUG [org.apache.jasper.servlet.JspServlet@http-nio-8080-exec-5] QueryString: null 
2022-02-08 19:53:56.970 DEBUG [org.hibernate.SQL@http-nio-8080-exec-5] select useraccoun0_.id as id1_0_, useraccoun0_.version as version2_0_, useraccoun0_.enabled as enabled1_6_, useraccoun0_.identity_email as identity2_6_, useraccoun0_.identity_name as identity3_6_, useraccoun0_.identity_surname as identity4_6_, useraccoun0_.password as password5_6_, useraccoun0_.username as username6_6_ from user_account useraccoun0_ where useraccoun0_.username=? 
2022-02-08 19:53:56.970 TRACE [org.hibernate.type.descriptor.sql.BasicBinder@http-nio-8080-exec-5] binding parameter [1] as [VARCHAR] - [anonymous] 
2022-02-08 19:53:56.972 ERROR [org.apache.catalina.core.ContainerBase.[Tomcat].[localhost].[/hello-world-22.0].[jsp]@http-nio-8080-exec-5] Servlet.service() for servlet [jsp] threw exception at acme.framework.services.AuthenticationService.loadUserByUsername(AuthenticationService.java:51): anonymous
2022-02-08 19:53:56.976 DEBUG [acme.framework.components.tiles.DynamicTilesView@http-nio-8080-exec-6] View name 'master/sign-in', model {username=, password=, remember=false} 
2022-02-08 19:53:56.976 DEBUG [org.apache.jasper.servlet.JspServlet@http-nio-8080-exec-6] JspEngine --> /WEB-INF/views/master/page.jsp 
2022-02-08 19:53:56.976 DEBUG [org.apache.jasper.servlet.JspServlet@http-nio-8080-exec-6] ServletPath: /WEB-INF/views/master/page.jsp 
2022-02-08 19:53:56.976 DEBUG [org.apache.jasper.servlet.JspServlet@http-nio-8080-exec-6] PathInfo: null 
2022-02-08 19:53:56.976 DEBUG [org.apache.jasper.servlet.JspServlet@http-nio-8080-exec-6] RealPath: C:\Users\jesus\Workspace-22.0\Starters\Hello-World-22.0\target\classes\WEB-INF\views\master\page.jsp 
2022-02-08 19:53:56.977 DEBUG [org.apache.jasper.servlet.JspServlet@http-nio-8080-exec-6] RequestURI: /hello-world-22.0/WEB-INF/views/master/page.jsp 
2022-02-08 19:53:56.977 DEBUG [org.apache.jasper.servlet.JspServlet@http-nio-8080-exec-6] QueryString: null 
2022-02-08 19:53:57.018 DEBUG [org.apache.jasper.servlet.JspServlet@http-nio-8080-exec-6] JspEngine --> /WEB-INF/views/master/sign-in.jsp 
2022-02-08 19:53:57.019 DEBUG [org.apache.jasper.servlet.JspServlet@http-nio-8080-exec-6] ServletPath: /WEB-INF/views/master/page.jsp 
2022-02-08 19:53:57.019 DEBUG [org.apache.jasper.servlet.JspServlet@http-nio-8080-exec-6] PathInfo: null 
2022-02-08 19:53:57.019 DEBUG [org.apache.jasper.servlet.JspServlet@http-nio-8080-exec-6] RealPath: C:\Users\jesus\Workspace-22.0\Starters\Hello-World-22.0\target\classes\WEB-INF\views\master\sign-in.jsp 
2022-02-08 19:53:57.019 DEBUG [org.apache.jasper.servlet.JspServlet@http-nio-8080-exec-6] RequestURI: /hello-world-22.0/WEB-INF/views/master/page.jsp 
2022-02-08 19:53:57.019 DEBUG [org.apache.jasper.servlet.JspServlet@http-nio-8080-exec-6] QueryString: null 
2022-02-08 19:53:57.094 DEBUG [org.hibernate.SQL@http-nio-8080-exec-6] select useraccoun0_.id as id1_0_, useraccoun0_.version as version2_0_, useraccoun0_.enabled as enabled1_6_, useraccoun0_.identity_email as identity2_6_, useraccoun0_.identity_name as identity3_6_, useraccoun0_.identity_surname as identity4_6_, useraccoun0_.password as password5_6_, useraccoun0_.username as username6_6_ from user_account useraccoun0_ where useraccoun0_.username=? 
2022-02-08 19:53:57.094 TRACE [org.hibernate.type.descriptor.sql.BasicBinder@http-nio-8080-exec-6] binding parameter [1] as [VARCHAR] - [anonymous] 
2022-02-08 19:53:57.097 ERROR [org.apache.catalina.core.ContainerBase.[Tomcat].[localhost].[/hello-world-22.0].[jsp]@http-nio-8080-exec-6] Servlet.service() for servlet [jsp] threw exception at acme.framework.services.AuthenticationService.loadUserByUsername(AuthenticationService.java:51): anonymous
2022-02-08 19:53:57.101 DEBUG [acme.framework.components.tiles.DynamicTilesView@http-nio-8080-exec-7] View name 'master/sign-in', model {username=, password=, remember=false} 
2022-02-08 19:53:57.101 DEBUG [org.apache.jasper.servlet.JspServlet@http-nio-8080-exec-7] JspEngine --> /WEB-INF/views/master/page.jsp 
2022-02-08 19:53:57.101 DEBUG [org.apache.jasper.servlet.JspServlet@http-nio-8080-exec-7] ServletPath: /WEB-INF/views/master/page.jsp 
2022-02-08 19:53:57.101 DEBUG [org.apache.jasper.servlet.JspServlet@http-nio-8080-exec-7] PathInfo: null 
2022-02-08 19:53:57.102 DEBUG [org.apache.jasper.servlet.JspServlet@http-nio-8080-exec-7] RealPath: C:\Users\jesus\Workspace-22.0\Starters\Hello-World-22.0\target\classes\WEB-INF\views\master\page.jsp 
2022-02-08 19:53:57.102 DEBUG [org.apache.jasper.servlet.JspServlet@http-nio-8080-exec-7] RequestURI: /hello-world-22.0/WEB-INF/views/master/page.jsp 
2022-02-08 19:53:57.102 DEBUG [org.apache.jasper.servlet.JspServlet@http-nio-8080-exec-7] QueryString: null 
2022-02-08 19:53:57.146 DEBUG [org.apache.jasper.servlet.JspServlet@http-nio-8080-exec-7] JspEngine --> /WEB-INF/views/master/sign-in.jsp 
2022-02-08 19:53:57.146 DEBUG [org.apache.jasper.servlet.JspServlet@http-nio-8080-exec-7] ServletPath: /WEB-INF/views/master/page.jsp 
2022-02-08 19:53:57.146 DEBUG [org.apache.jasper.servlet.JspServlet@http-nio-8080-exec-7] PathInfo: null 
2022-02-08 19:53:57.146 DEBUG [org.apache.jasper.servlet.JspServlet@http-nio-8080-exec-7] RealPath: C:\Users\jesus\Workspace-22.0\Starters\Hello-World-22.0\target\classes\WEB-INF\views\master\sign-in.jsp 
2022-02-08 19:53:57.147 DEBUG [org.apache.jasper.servlet.JspServlet@http-nio-8080-exec-7] RequestURI: /hello-world-22.0/WEB-INF/views/master/page.jsp 
2022-02-08 19:53:57.147 DEBUG [org.apache.jasper.servlet.JspServlet@http-nio-8080-exec-7] QueryString: null 
2022-02-08 19:53:57.216 DEBUG [org.hibernate.SQL@http-nio-8080-exec-7] select useraccoun0_.id as id1_0_, useraccoun0_.version as version2_0_, useraccoun0_.enabled as enabled1_6_, useraccoun0_.identity_email as identity2_6_, useraccoun0_.identity_name as identity3_6_, useraccoun0_.identity_surname as identity4_6_, useraccoun0_.password as password5_6_, useraccoun0_.username as username6_6_ from user_account useraccoun0_ where useraccoun0_.username=? 
2022-02-08 19:53:57.216 TRACE [org.hibernate.type.descriptor.sql.BasicBinder@http-nio-8080-exec-7] binding parameter [1] as [VARCHAR] - [anonymous] 
2022-02-08 19:53:57.217 ERROR [org.apache.catalina.core.ContainerBase.[Tomcat].[localhost].[/hello-world-22.0].[jsp]@http-nio-8080-exec-7] Servlet.service() for servlet [jsp] threw exception at acme.framework.services.AuthenticationService.loadUserByUsername(AuthenticationService.java:51): anonymous
2022-02-08 19:53:57.221 DEBUG [acme.framework.components.tiles.DynamicTilesView@http-nio-8080-exec-8] View name 'master/sign-in', model {username=, password=, remember=false} 
2022-02-08 19:53:57.221 DEBUG [org.apache.jasper.servlet.JspServlet@http-nio-8080-exec-8] JspEngine --> /WEB-INF/views/master/page.jsp 
2022-02-08 19:53:57.222 DEBUG [org.apache.jasper.servlet.JspServlet@http-nio-8080-exec-8] ServletPath: /WEB-INF/views/master/page.jsp 
2022-02-08 19:53:57.222 DEBUG [org.apache.jasper.servlet.JspServlet@http-nio-8080-exec-8] PathInfo: null 
2022-02-08 19:53:57.222 DEBUG [org.apache.jasper.servlet.JspServlet@http-nio-8080-exec-8] RealPath: C:\Users\jesus\Workspace-22.0\Starters\Hello-World-22.0\target\classes\WEB-INF\views\master\page.jsp 
2022-02-08 19:53:57.222 DEBUG [org.apache.jasper.servlet.JspServlet@http-nio-8080-exec-8] RequestURI: /hello-world-22.0/WEB-INF/views/master/page.jsp 
2022-02-08 19:53:57.222 DEBUG [org.apache.jasper.servlet.JspServlet@http-nio-8080-exec-8] QueryString: null 
2022-02-08 19:53:57.256 DEBUG [org.apache.jasper.servlet.JspServlet@http-nio-8080-exec-8] JspEngine --> /WEB-INF/views/master/sign-in.jsp 
2022-02-08 19:53:57.257 DEBUG [org.apache.jasper.servlet.JspServlet@http-nio-8080-exec-8] ServletPath: /WEB-INF/views/master/page.jsp 
2022-02-08 19:53:57.257 DEBUG [org.apache.jasper.servlet.JspServlet@http-nio-8080-exec-8] PathInfo: null 
2022-02-08 19:53:57.257 DEBUG [org.apache.jasper.servlet.JspServlet@http-nio-8080-exec-8] RealPath: C:\Users\jesus\Workspace-22.0\Starters\Hello-World-22.0\target\classes\WEB-INF\views\master\sign-in.jsp 
2022-02-08 19:53:57.257 DEBUG [org.apache.jasper.servlet.JspServlet@http-nio-8080-exec-8] RequestURI: /hello-world-22.0/WEB-INF/views/master/page.jsp 
2022-02-08 19:53:57.257 DEBUG [org.apache.jasper.servlet.JspServlet@http-nio-8080-exec-8] QueryString: null 
2022-02-08 19:53:57.316 DEBUG [org.hibernate.SQL@http-nio-8080-exec-8] select useraccoun0_.id as id1_0_, useraccoun0_.version as version2_0_, useraccoun0_.enabled as enabled1_6_, useraccoun0_.identity_email as identity2_6_, useraccoun0_.identity_name as identity3_6_, useraccoun0_.identity_surname as identity4_6_, useraccoun0_.password as password5_6_, useraccoun0_.username as username6_6_ from user_account useraccoun0_ where useraccoun0_.username=? 
2022-02-08 19:53:57.316 TRACE [org.hibernate.type.descriptor.sql.BasicBinder@http-nio-8080-exec-8] binding parameter [1] as [VARCHAR] - [anonymous] 
2022-02-08 19:53:57.318 ERROR [org.apache.catalina.core.ContainerBase.[Tomcat].[localhost].[/hello-world-22.0].[jsp]@http-nio-8080-exec-8] Servlet.service() for servlet [jsp] threw exception at acme.framework.services.AuthenticationService.loadUserByUsername(AuthenticationService.java:51): anonymous
2022-02-08 19:53:57.321 DEBUG [acme.framework.components.tiles.DynamicTilesView@http-nio-8080-exec-10] View name 'master/sign-in', model {username=, password=, remember=false} 
2022-02-08 19:53:57.322 DEBUG [org.apache.jasper.servlet.JspServlet@http-nio-8080-exec-10] JspEngine --> /WEB-INF/views/master/page.jsp 
2022-02-08 19:53:57.322 DEBUG [org.apache.jasper.servlet.JspServlet@http-nio-8080-exec-10] ServletPath: /WEB-INF/views/master/page.jsp 
2022-02-08 19:53:57.322 DEBUG [org.apache.jasper.servlet.JspServlet@http-nio-8080-exec-10] PathInfo: null 
2022-02-08 19:53:57.323 DEBUG [org.apache.jasper.servlet.JspServlet@http-nio-8080-exec-10] RealPath: C:\Users\jesus\Workspace-22.0\Starters\Hello-World-22.0\target\classes\WEB-INF\views\master\page.jsp 
2022-02-08 19:53:57.323 DEBUG [org.apache.jasper.servlet.JspServlet@http-nio-8080-exec-10] RequestURI: /hello-world-22.0/WEB-INF/views/master/page.jsp 
2022-02-08 19:53:57.323 DEBUG [org.apache.jasper.servlet.JspServlet@http-nio-8080-exec-10] QueryString: null 
2022-02-08 19:53:57.358 DEBUG [org.apache.jasper.servlet.JspServlet@http-nio-8080-exec-10] JspEngine --> /WEB-INF/views/master/sign-in.jsp 
2022-02-08 19:53:57.358 DEBUG [org.apache.jasper.servlet.JspServlet@http-nio-8080-exec-10] ServletPath: /WEB-INF/views/master/page.jsp 
2022-02-08 19:53:57.359 DEBUG [org.apache.jasper.servlet.JspServlet@http-nio-8080-exec-10] PathInfo: null 
2022-02-08 19:53:57.359 DEBUG [org.apache.jasper.servlet.JspServlet@http-nio-8080-exec-10] RealPath: C:\Users\jesus\Workspace-22.0\Starters\Hello-World-22.0\target\classes\WEB-INF\views\master\sign-in.jsp 
2022-02-08 19:53:57.359 DEBUG [org.apache.jasper.servlet.JspServlet@http-nio-8080-exec-10] RequestURI: /hello-world-22.0/WEB-INF/views/master/page.jsp 
2022-02-08 19:53:57.360 DEBUG [org.apache.jasper.servlet.JspServlet@http-nio-8080-exec-10] QueryString: null 
2022-02-08 19:53:57.436 DEBUG [org.hibernate.SQL@http-nio-8080-exec-10] select useraccoun0_.id as id1_0_, useraccoun0_.version as version2_0_, useraccoun0_.enabled as enabled1_6_, useraccoun0_.identity_email as identity2_6_, useraccoun0_.identity_name as identity3_6_, useraccoun0_.identity_surname as identity4_6_, useraccoun0_.password as password5_6_, useraccoun0_.username as username6_6_ from user_account useraccoun0_ where useraccoun0_.username=? 
2022-02-08 19:53:57.436 TRACE [org.hibernate.type.descriptor.sql.BasicBinder@http-nio-8080-exec-10] binding parameter [1] as [VARCHAR] - [anonymous] 
2022-02-08 19:53:57.437 ERROR [org.apache.catalina.core.ContainerBase.[Tomcat].[localhost].[/hello-world-22.0].[jsp]@http-nio-8080-exec-10] Servlet.service() for servlet [jsp] threw exception at acme.framework.services.AuthenticationService.loadUserByUsername(AuthenticationService.java:51): anonymous
2022-02-08 19:53:57.441 DEBUG [acme.framework.components.tiles.DynamicTilesView@http-nio-8080-exec-9] View name 'master/sign-in', model {username=, password=, remember=false} 
2022-02-08 19:53:57.441 DEBUG [org.apache.jasper.servlet.JspServlet@http-nio-8080-exec-9] JspEngine --> /WEB-INF/views/master/page.jsp 
2022-02-08 19:53:57.441 DEBUG [org.apache.jasper.servlet.JspServlet@http-nio-8080-exec-9] ServletPath: /WEB-INF/views/master/page.jsp 
2022-02-08 19:53:57.442 DEBUG [org.apache.jasper.servlet.JspServlet@http-nio-8080-exec-9] PathInfo: null 
2022-02-08 19:53:57.442 DEBUG [org.apache.jasper.servlet.JspServlet@http-nio-8080-exec-9] RealPath: C:\Users\jesus\Workspace-22.0\Starters\Hello-World-22.0\target\classes\WEB-INF\views\master\page.jsp 
2022-02-08 19:53:57.442 DEBUG [org.apache.jasper.servlet.JspServlet@http-nio-8080-exec-9] RequestURI: /hello-world-22.0/WEB-INF/views/master/page.jsp 
2022-02-08 19:53:57.442 DEBUG [org.apache.jasper.servlet.JspServlet@http-nio-8080-exec-9] QueryString: null 
2022-02-08 19:53:57.471 DEBUG [org.apache.jasper.servlet.JspServlet@http-nio-8080-exec-9] JspEngine --> /WEB-INF/views/master/sign-in.jsp 
2022-02-08 19:53:57.472 DEBUG [org.apache.jasper.servlet.JspServlet@http-nio-8080-exec-9] ServletPath: /WEB-INF/views/master/page.jsp 
2022-02-08 19:53:57.472 DEBUG [org.apache.jasper.servlet.JspServlet@http-nio-8080-exec-9] PathInfo: null 
2022-02-08 19:53:57.472 DEBUG [org.apache.jasper.servlet.JspServlet@http-nio-8080-exec-9] RealPath: C:\Users\jesus\Workspace-22.0\Starters\Hello-World-22.0\target\classes\WEB-INF\views\master\sign-in.jsp 
2022-02-08 19:53:57.472 DEBUG [org.apache.jasper.servlet.JspServlet@http-nio-8080-exec-9] RequestURI: /hello-world-22.0/WEB-INF/views/master/page.jsp 
2022-02-08 19:53:57.472 DEBUG [org.apache.jasper.servlet.JspServlet@http-nio-8080-exec-9] QueryString: null 
2022-02-08 19:53:57.526 DEBUG [org.hibernate.SQL@http-nio-8080-exec-9] select useraccoun0_.id as id1_0_, useraccoun0_.version as version2_0_, useraccoun0_.enabled as enabled1_6_, useraccoun0_.identity_email as identity2_6_, useraccoun0_.identity_name as identity3_6_, useraccoun0_.identity_surname as identity4_6_, useraccoun0_.password as password5_6_, useraccoun0_.username as username6_6_ from user_account useraccoun0_ where useraccoun0_.username=? 
2022-02-08 19:53:57.526 TRACE [org.hibernate.type.descriptor.sql.BasicBinder@http-nio-8080-exec-9] binding parameter [1] as [VARCHAR] - [anonymous] 
2022-02-08 19:53:57.527 ERROR [org.apache.catalina.core.ContainerBase.[Tomcat].[localhost].[/hello-world-22.0].[jsp]@http-nio-8080-exec-9] Servlet.service() for servlet [jsp] threw exception at acme.framework.services.AuthenticationService.loadUserByUsername(AuthenticationService.java:51): anonymous
2022-02-08 19:53:57.534 DEBUG [acme.framework.components.tiles.DynamicTilesView@http-nio-8080-exec-1] View name 'master/sign-in', model {username=, password=, remember=false} 
2022-02-08 19:53:57.536 DEBUG [org.apache.jasper.servlet.JspServlet@http-nio-8080-exec-1] JspEngine --> /WEB-INF/views/master/page.jsp 
2022-02-08 19:53:57.536 DEBUG [org.apache.jasper.servlet.JspServlet@http-nio-8080-exec-1] ServletPath: /WEB-INF/views/master/page.jsp 
2022-02-08 19:53:57.536 DEBUG [org.apache.jasper.servlet.JspServlet@http-nio-8080-exec-1] PathInfo: null 
2022-02-08 19:53:57.537 DEBUG [org.apache.jasper.servlet.JspServlet@http-nio-8080-exec-1] RealPath: C:\Users\jesus\Workspace-22.0\Starters\Hello-World-22.0\target\classes\WEB-INF\views\master\page.jsp 
2022-02-08 19:53:57.537 DEBUG [org.apache.jasper.servlet.JspServlet@http-nio-8080-exec-1] RequestURI: /hello-world-22.0/WEB-INF/views/master/page.jsp 
2022-02-08 19:53:57.537 DEBUG [org.apache.jasper.servlet.JspServlet@http-nio-8080-exec-1] QueryString: null 
2022-02-08 19:53:57.592 DEBUG [org.apache.jasper.servlet.JspServlet@http-nio-8080-exec-1] JspEngine --> /WEB-INF/views/master/sign-in.jsp 
2022-02-08 19:53:57.592 DEBUG [org.apache.jasper.servlet.JspServlet@http-nio-8080-exec-1] ServletPath: /WEB-INF/views/master/page.jsp 
2022-02-08 19:53:57.592 DEBUG [org.apache.jasper.servlet.JspServlet@http-nio-8080-exec-1] PathInfo: null 
2022-02-08 19:53:57.592 DEBUG [org.apache.jasper.servlet.JspServlet@http-nio-8080-exec-1] RealPath: C:\Users\jesus\Workspace-22.0\Starters\Hello-World-22.0\target\classes\WEB-INF\views\master\sign-in.jsp 
2022-02-08 19:53:57.592 DEBUG [org.apache.jasper.servlet.JspServlet@http-nio-8080-exec-1] RequestURI: /hello-world-22.0/WEB-INF/views/master/page.jsp 
2022-02-08 19:53:57.592 DEBUG [org.apache.jasper.servlet.JspServlet@http-nio-8080-exec-1] QueryString: null 
2022-02-08 19:53:57.649 DEBUG [org.hibernate.SQL@http-nio-8080-exec-1] select useraccoun0_.id as id1_0_, useraccoun0_.version as version2_0_, useraccoun0_.enabled as enabled1_6_, useraccoun0_.identity_email as identity2_6_, useraccoun0_.identity_name as identity3_6_, useraccoun0_.identity_surname as identity4_6_, useraccoun0_.password as password5_6_, useraccoun0_.username as username6_6_ from user_account useraccoun0_ where useraccoun0_.username=? 
2022-02-08 19:53:57.649 TRACE [org.hibernate.type.descriptor.sql.BasicBinder@http-nio-8080-exec-1] binding parameter [1] as [VARCHAR] - [anonymous] 
2022-02-08 19:53:57.650 ERROR [org.apache.catalina.core.ContainerBase.[Tomcat].[localhost].[/hello-world-22.0].[jsp]@http-nio-8080-exec-1] Servlet.service() for servlet [jsp] threw exception at acme.framework.services.AuthenticationService.loadUserByUsername(AuthenticationService.java:51): anonymous
